{"level":"info","message":"Server is running on port 3000","timestamp":"2025-06-21T02:44:57.580Z"}
{"level":"info","message":"MongoDB connected successfully","timestamp":"2025-06-21T02:45:00.189Z"}
{"level":"info","message":"Server is running on port 3000","timestamp":"2025-06-21T02:45:15.880Z"}
{"level":"info","message":"MongoDB connected successfully","timestamp":"2025-06-21T02:45:18.433Z"}
{"level":"info","message":"Server is running on port 3000","timestamp":"2025-06-21T02:45:25.920Z"}
{"level":"info","message":"Server is running on port 3000","timestamp":"2025-06-21T02:45:27.158Z"}
{"level":"info","message":"MongoDB connected successfully","timestamp":"2025-06-21T02:45:29.831Z"}
{"level":"info","message":"Server is running on port 3000","timestamp":"2025-06-21T02:45:30.776Z"}
{"level":"info","message":"MongoDB connected successfully","timestamp":"2025-06-21T02:45:33.258Z"}
{"level":"info","message":"Server is running on port 3000","timestamp":"2025-06-21T02:45:55.362Z"}
{"level":"info","message":"Server is running on port 3000","timestamp":"2025-06-21T02:45:58.031Z"}
{"level":"info","message":"MongoDB connected successfully","timestamp":"2025-06-21T02:46:00.618Z"}
{"level":"info","message":"GET / 304 - - 1.283 ms","timestamp":"2025-06-21T02:46:02.100Z"}
{"level":"info","message":"GET /favicon.ico 404 150 - 2.186 ms","timestamp":"2025-06-21T02:46:02.140Z"}
{"level":"info","message":"Server is running on port 3000","timestamp":"2025-06-21T02:46:18.329Z"}
{"level":"info","message":"GET / 304 - - 0.979 ms","timestamp":"2025-06-21T02:46:18.428Z"}
{"level":"info","message":"GET /favicon.ico 404 150 - 0.818 ms","timestamp":"2025-06-21T02:46:18.456Z"}
{"level":"info","message":"MongoDB connected successfully","timestamp":"2025-06-21T02:46:20.737Z"}
{"level":"info","message":"Server is running on port 3000","timestamp":"2025-06-21T02:46:37.519Z"}
{"level":"info","message":"GET / 200 32 - 2.381 ms","timestamp":"2025-06-21T02:46:38.056Z"}
{"level":"info","message":"GET /favicon.ico 404 150 - 0.924 ms","timestamp":"2025-06-21T02:46:38.087Z"}
{"level":"info","message":"MongoDB connected successfully","timestamp":"2025-06-21T02:46:39.934Z"}
{"level":"info","message":"Server is running on port 3000","timestamp":"2025-06-21T03:21:56.934Z"}
{"level":"info","message":"MongoDB connected successfully","timestamp":"2025-06-21T03:22:01.091Z"}
{"level":"info","message":"Server is running on port 3000","timestamp":"2025-06-21T03:22:04.241Z"}
{"level":"info","message":"Server is running on port 3000","timestamp":"2025-06-21T03:22:07.323Z"}
{"level":"info","message":"MongoDB connected successfully","timestamp":"2025-06-21T03:22:10.141Z"}
{"level":"info","message":"Server is running on port 3000","timestamp":"2025-06-21T03:22:17.226Z"}
{"level":"info","message":"MongoDB connected successfully","timestamp":"2025-06-21T03:22:19.730Z"}
{"level":"info","message":"Server is running on port 3000","timestamp":"2025-06-21T03:23:16.598Z"}
{"level":"info","message":"MongoDB connected successfully","timestamp":"2025-06-21T03:23:19.978Z"}
{"level":"info","message":"Server is running on port 3000","timestamp":"2025-06-21T03:24:31.898Z"}
{"level":"info","message":"Server is running on port 3000","timestamp":"2025-06-21T03:24:33.442Z"}
{"level":"info","message":"MongoDB connected successfully","timestamp":"2025-06-21T03:24:36.488Z"}
{"level":"info","message":"Server is running on port 3000","timestamp":"2025-06-21T03:27:04.619Z"}
{"level":"info","message":"Server is running on port 3000","timestamp":"2025-06-21T03:27:07.384Z"}
{"level":"info","message":"MongoDB connected successfully","timestamp":"2025-06-21T03:27:09.546Z"}
{"level":"info","message":"Server is running on port 3000","timestamp":"2025-06-21T03:27:50.393Z"}
{"level":"info","message":"MongoDB connected successfully","timestamp":"2025-06-21T03:27:52.763Z"}
{"level":"info","message":"Server is running on port 3000","timestamp":"2025-06-21T03:27:53.573Z"}
{"level":"info","message":"MongoDB connected successfully","timestamp":"2025-06-21T03:27:56.330Z"}
{"level":"info","message":"Server is running on port 3000","timestamp":"2025-06-21T03:28:05.681Z"}
{"level":"info","message":"Server is running on port 3000","timestamp":"2025-06-21T03:28:09.528Z"}
{"level":"info","message":"MongoDB connected successfully","timestamp":"2025-06-21T03:28:11.779Z"}
{"level":"info","message":"Server is running on port 3000","timestamp":"2025-06-21T03:28:15.646Z"}
{"level":"info","message":"MongoDB connected successfully","timestamp":"2025-06-21T03:28:18.263Z"}
{"level":"info","message":"Server is running on port 3000","timestamp":"2025-06-21T03:28:31.542Z"}
{"level":"info","message":"MongoDB connected successfully","timestamp":"2025-06-21T03:28:34.851Z"}
{"level":"info","message":"Server is running on port 3000","timestamp":"2025-06-21T03:28:37.745Z"}
{"level":"info","message":"MongoDB connected successfully","timestamp":"2025-06-21T03:28:39.967Z"}
{"level":"info","message":"Server is running on port 3000","timestamp":"2025-06-21T03:28:50.993Z"}
{"level":"info","message":"MongoDB connected successfully","timestamp":"2025-06-21T03:28:53.328Z"}
{"level":"info","message":"Server is running on port 3000","timestamp":"2025-06-21T03:28:55.588Z"}
{"level":"info","message":"MongoDB connected successfully","timestamp":"2025-06-21T03:28:58.196Z"}
{"level":"info","message":"Server is running on port 3000","timestamp":"2025-06-21T03:29:22.564Z"}
{"level":"info","message":"Server is running on port 3000","timestamp":"2025-06-21T03:29:23.416Z"}
{"level":"info","message":"Server is running on port 3000","timestamp":"2025-06-21T03:29:24.733Z"}
{"level":"info","message":"MongoDB connected successfully","timestamp":"2025-06-21T03:29:28.687Z"}
{"level":"info","message":"Server is running on port 3000","timestamp":"2025-06-21T03:29:30.143Z"}
{"level":"info","message":"MongoDB connected successfully","timestamp":"2025-06-21T03:29:33.119Z"}
{"level":"info","message":"Server is running on port 3000","timestamp":"2025-06-21T03:30:24.206Z"}
{"level":"info","message":"MongoDB connected successfully","timestamp":"2025-06-21T03:30:26.429Z"}
{"level":"info","message":"Server is running on port 3000","timestamp":"2025-06-21T03:31:24.524Z"}
{"level":"info","message":"MongoDB connected successfully","timestamp":"2025-06-21T03:31:27.052Z"}
{"level":"info","message":"Server is running on port 3000","timestamp":"2025-06-21T03:31:36.309Z"}
{"level":"info","message":"MongoDB connected successfully","timestamp":"2025-06-21T03:31:38.967Z"}
{"level":"info","message":"Server is running on port 3000","timestamp":"2025-06-21T03:33:59.487Z"}
{"level":"info","message":"MongoDB connected successfully","timestamp":"2025-06-21T03:34:02.123Z"}
{"level":"info","message":"Server is running on port 3000","timestamp":"2025-06-21T03:35:33.306Z"}
{"level":"info","message":"MongoDB connected successfully","timestamp":"2025-06-21T03:35:35.723Z"}
{"level":"info","message":"Server is running on port 3000","timestamp":"2025-06-21T03:37:49.766Z"}
{"level":"info","message":"MongoDB connected successfully","timestamp":"2025-06-21T03:37:51.846Z"}
{"level":"info","message":"Server is running on port 3000","timestamp":"2025-06-21T03:38:09.735Z"}
{"level":"info","message":"MongoDB connected successfully","timestamp":"2025-06-21T03:38:12.508Z"}
{"level":"info","message":"Server is running on port 3000","timestamp":"2025-06-21T03:51:37.063Z"}
{"level":"info","message":"MongoDB connected successfully","timestamp":"2025-06-21T03:51:39.946Z"}
{"level":"info","message":"Server is running on port 3000","timestamp":"2025-06-21T03:52:07.509Z"}
{"level":"info","message":"MongoDB connected successfully","timestamp":"2025-06-21T03:52:10.067Z"}
{"level":"info","message":"Server is running on port 3000","timestamp":"2025-06-21T03:57:34.589Z"}
{"level":"info","message":"MongoDB connected successfully","timestamp":"2025-06-21T03:57:37.193Z"}
{"level":"info","message":"Server is running on port 3000","timestamp":"2025-06-21T03:58:34.208Z"}
{"level":"info","message":"MongoDB connected successfully","timestamp":"2025-06-21T03:58:36.969Z"}
{"level":"info","message":"Server is running on port 3000","timestamp":"2025-06-21T14:29:19.533Z"}
{"level":"info","message":"MongoDB connected successfully","timestamp":"2025-06-21T14:29:22.010Z"}
{"level":"info","message":"Server is running on port 3000","timestamp":"2025-06-21T15:20:17.251Z"}
{"level":"info","message":"MongoDB connected successfully","timestamp":"2025-06-21T15:20:19.899Z"}
{"level":"info","message":"Server is running on port 3000","timestamp":"2025-06-21T15:20:23.516Z"}
{"level":"info","message":"MongoDB connected successfully","timestamp":"2025-06-21T15:20:25.993Z"}
{"level":"info","message":"Server is running on port 3000","timestamp":"2025-06-21T15:38:26.292Z"}
{"level":"info","message":"Server is running on port 3000","timestamp":"2025-06-21T15:38:28.692Z"}
{"level":"info","message":"MongoDB connected successfully","timestamp":"2025-06-21T15:38:32.011Z"}
{"level":"info","message":"Server is running on port 3000","timestamp":"2025-06-21T15:39:40.296Z"}
{"level":"info","message":"MongoDB connected successfully","timestamp":"2025-06-21T15:39:42.453Z"}
{"level":"info","message":"Server is running on port 3000","timestamp":"2025-06-21T15:39:51.414Z"}
{"level":"info","message":"MongoDB connected successfully","timestamp":"2025-06-21T15:39:54.830Z"}
{"level":"info","message":"Server is running on port 3000","timestamp":"2025-06-21T15:40:19.674Z"}
{"level":"info","message":"MongoDB connected successfully","timestamp":"2025-06-21T15:40:22.092Z"}
{"level":"info","message":"Server is running on port 3000","timestamp":"2025-06-21T15:40:29.773Z"}
{"level":"info","message":"Server is running on port 3000","timestamp":"2025-06-21T15:40:30.767Z"}
{"level":"info","message":"MongoDB connected successfully","timestamp":"2025-06-21T15:40:32.983Z"}
{"level":"info","message":"Server is running on port 3000","timestamp":"2025-06-21T20:52:04.476Z"}
{"level":"info","message":"MongoDB connected successfully","timestamp":"2025-06-21T20:52:08.489Z"}
{"level":"info","message":"Server is running on port 3000","timestamp":"2025-06-21T20:52:15.622Z"}
{"level":"info","message":"MongoDB connected successfully","timestamp":"2025-06-21T20:52:17.545Z"}
{"level":"info","message":"Server is running on port 3000","timestamp":"2025-06-21T21:00:04.156Z"}
{"level":"info","message":"MongoDB connected successfully","timestamp":"2025-06-21T21:00:06.742Z"}
{"level":"info","message":"Server is running on port 3000","timestamp":"2025-06-21T22:00:17.013Z"}
{"level":"info","message":"MongoDB connected successfully","timestamp":"2025-06-21T22:00:19.622Z"}
{"level":"info","message":"Server is running on port 3000","timestamp":"2025-06-21T22:01:08.403Z"}
{"level":"info","message":"MongoDB connected successfully","timestamp":"2025-06-21T22:01:11.918Z"}
{"level":"info","message":"Server is running on port 3000","timestamp":"2025-06-21T22:02:05.459Z"}
{"level":"info","message":"MongoDB connected successfully","timestamp":"2025-06-21T22:02:08.339Z"}
{"level":"info","message":"Server is running on port 3000","timestamp":"2025-06-21T22:02:10.389Z"}
{"level":"info","message":"MongoDB connected successfully","timestamp":"2025-06-21T22:02:12.847Z"}
{"level":"info","message":"Server is running on port 3000","timestamp":"2025-06-21T22:02:25.080Z"}
{"level":"info","message":"MongoDB connected successfully","timestamp":"2025-06-21T22:02:27.469Z"}
{"level":"info","message":"Server is running on port 3000","timestamp":"2025-06-21T22:02:54.328Z"}
{"level":"info","message":"MongoDB connected successfully","timestamp":"2025-06-21T22:02:56.555Z"}
{"level":"info","message":"Server is running on port 3000","timestamp":"2025-06-21T22:05:32.647Z"}
{"level":"info","message":"MongoDB connected successfully","timestamp":"2025-06-21T22:05:35.492Z"}
{"level":"info","message":"Server is running on port 3000","timestamp":"2025-06-21T22:05:57.439Z"}
{"level":"info","message":"MongoDB connected successfully","timestamp":"2025-06-21T22:06:00.180Z"}
{"level":"info","message":"Server is running on port 3000","timestamp":"2025-06-21T22:08:08.969Z"}
{"level":"info","message":"Server is running on port 3000","timestamp":"2025-06-21T22:08:13.429Z"}
{"level":"info","message":"Server is running on port 3000","timestamp":"2025-06-21T22:08:21.553Z"}
{"level":"info","message":"Server is running on port 3000","timestamp":"2025-06-21T22:08:51.045Z"}
{"level":"info","message":"MongoDB connected successfully","timestamp":"2025-06-21T22:08:54.550Z"}
{"level":"info","message":"Server is running on port 3000","timestamp":"2025-06-21T22:14:13.104Z"}
{"level":"info","message":"MongoDB connected successfully","timestamp":"2025-06-21T22:14:16.668Z"}
{"level":"info","message":"Server is running on port 3000","timestamp":"2025-06-22T00:18:35.588Z"}
{"level":"info","message":"Server is running on port 3000","timestamp":"2025-06-22T00:18:37.907Z"}
{"level":"info","message":"MongoDB connected successfully","timestamp":"2025-06-22T00:18:40.399Z"}
{"level":"info","message":"Server is running on port 3000","timestamp":"2025-06-22T00:18:44.321Z"}
{"level":"info","message":"MongoDB connected successfully","timestamp":"2025-06-22T00:18:47.061Z"}
{"level":"info","message":"Server is running on port 3000","timestamp":"2025-06-22T00:19:07.152Z"}
{"level":"info","message":"MongoDB connected successfully","timestamp":"2025-06-22T00:19:09.509Z"}
{"level":"info","message":"Server is running on port 3000","timestamp":"2025-06-22T00:19:12.279Z"}
{"level":"info","message":"Server is running on port 3000","timestamp":"2025-06-22T00:19:13.598Z"}
{"level":"info","message":"MongoDB connected successfully","timestamp":"2025-06-22T00:19:15.726Z"}
{"level":"info","message":"Server is running on port 3000","timestamp":"2025-06-22T00:20:45.572Z"}
{"level":"info","message":"MongoDB connected successfully","timestamp":"2025-06-22T00:20:48.303Z"}
{"level":"info","message":"Server is running on port 3000","timestamp":"2025-06-22T00:21:03.408Z"}
{"level":"info","message":"MongoDB connected successfully","timestamp":"2025-06-22T00:21:06.017Z"}
{"level":"info","message":"Server is running on port 3000","timestamp":"2025-06-22T00:21:11.767Z"}
{"level":"info","message":"MongoDB connected successfully","timestamp":"2025-06-22T00:21:14.313Z"}
{"level":"info","message":"Server is running on port 3000","timestamp":"2025-06-22T00:21:22.887Z"}
{"level":"info","message":"MongoDB connected successfully","timestamp":"2025-06-22T00:21:25.860Z"}
{"level":"info","message":"Server is running on port 3000","timestamp":"2025-06-22T00:21:30.719Z"}
{"level":"info","message":"MongoDB connected successfully","timestamp":"2025-06-22T00:21:33.670Z"}
{"level":"info","message":"Server is running on port 3000","timestamp":"2025-06-22T00:21:38.006Z"}
{"level":"info","message":"Server is running on port 3000","timestamp":"2025-06-22T00:21:39.633Z"}
{"level":"info","message":"MongoDB connected successfully","timestamp":"2025-06-22T00:21:42.244Z"}
{"level":"info","message":"Server is running on port 3000","timestamp":"2025-06-22T00:22:05.474Z"}
{"level":"info","message":"MongoDB connected successfully","timestamp":"2025-06-22T00:22:08.378Z"}
{"level":"info","message":"Server is running on port 3000","timestamp":"2025-06-22T00:22:09.143Z"}
{"level":"info","message":"MongoDB connected successfully","timestamp":"2025-06-22T00:22:11.538Z"}
{"level":"info","message":"Server is running on port 3000","timestamp":"2025-06-22T00:22:28.358Z"}
{"level":"info","message":"MongoDB connected successfully","timestamp":"2025-06-22T00:22:30.456Z"}
{"level":"info","message":"Server is running on port 3000","timestamp":"2025-06-22T00:23:04.994Z"}
{"level":"info","message":"MongoDB connected successfully","timestamp":"2025-06-22T00:23:07.054Z"}
{"level":"info","message":"Server is running on port 3000","timestamp":"2025-06-22T00:23:24.331Z"}
{"level":"info","message":"MongoDB connected successfully","timestamp":"2025-06-22T00:23:27.023Z"}
{"level":"info","message":"Server is running on port 3000","timestamp":"2025-06-22T00:23:37.944Z"}
{"level":"info","message":"MongoDB connected successfully","timestamp":"2025-06-22T00:23:39.976Z"}
{"level":"info","message":"Server is running on port 3000","timestamp":"2025-06-22T00:24:34.260Z"}
{"level":"info","message":"Server is running on port 3000","timestamp":"2025-06-22T00:24:36.232Z"}
{"level":"info","message":"MongoDB connected successfully","timestamp":"2025-06-22T00:24:38.619Z"}
{"level":"info","message":"Server is running on port 3000","timestamp":"2025-06-22T00:24:45.625Z"}
{"level":"info","message":"MongoDB connected successfully","timestamp":"2025-06-22T00:24:47.923Z"}
{"level":"info","message":"Server is running on port 3000","timestamp":"2025-06-22T00:25:09.351Z"}
{"level":"info","message":"Server is running on port 3000","timestamp":"2025-06-22T00:25:11.431Z"}
{"level":"info","message":"MongoDB connected successfully","timestamp":"2025-06-22T00:25:13.641Z"}
{"level":"info","message":"Server is running on port 3000","timestamp":"2025-06-22T00:25:44.805Z"}
{"level":"info","message":"MongoDB connected successfully","timestamp":"2025-06-22T00:25:47.976Z"}
{"level":"info","message":"Server is running on port 3000","timestamp":"2025-06-22T00:26:06.879Z"}
{"level":"info","message":"MongoDB connected successfully","timestamp":"2025-06-22T00:26:09.926Z"}
{"level":"info","message":"Server is running on port 3000","timestamp":"2025-06-22T00:27:56.720Z"}
{"level":"info","message":"MongoDB connected successfully","timestamp":"2025-06-22T00:27:58.853Z"}
{"level":"info","message":"Server is running on port 3000","timestamp":"2025-06-22T00:27:59.901Z"}
{"level":"info","message":"MongoDB connected successfully","timestamp":"2025-06-22T00:28:02.159Z"}
{"level":"info","message":"Server is running on port 3000","timestamp":"2025-06-22T00:28:04.529Z"}
{"level":"info","message":"Server is running on port 3000","timestamp":"2025-06-22T00:28:06.974Z"}
{"level":"info","message":"MongoDB connected successfully","timestamp":"2025-06-22T00:28:09.219Z"}
{"level":"info","message":"Server is running on port 3000","timestamp":"2025-06-22T00:28:11.778Z"}
{"level":"info","message":"MongoDB connected successfully","timestamp":"2025-06-22T00:28:14.449Z"}
{"level":"info","message":"Server is running on port 3000","timestamp":"2025-06-22T00:28:45.916Z"}
{"level":"info","message":"MongoDB connected successfully","timestamp":"2025-06-22T00:28:48.356Z"}
{"level":"info","message":"Server is running on port 3000","timestamp":"2025-06-22T00:28:52.225Z"}
{"level":"info","message":"MongoDB connected successfully","timestamp":"2025-06-22T00:28:54.448Z"}
{"level":"info","message":"Server is running on port 3000","timestamp":"2025-06-22T00:29:12.205Z"}
{"level":"info","message":"Server is running on port 3000","timestamp":"2025-06-22T00:29:14.781Z"}
{"level":"info","message":"Server is running on port 3000","timestamp":"2025-06-22T00:29:16.721Z"}
{"level":"info","message":"MongoDB connected successfully","timestamp":"2025-06-22T00:29:19.651Z"}
{"level":"info","message":"Server is running on port 3000","timestamp":"2025-06-22T00:29:21.159Z"}
{"level":"info","message":"MongoDB connected successfully","timestamp":"2025-06-22T00:29:23.745Z"}
{"level":"info","message":"Server is running on port 3000","timestamp":"2025-06-22T00:29:43.500Z"}
{"level":"info","message":"Server is running on port 3000","timestamp":"2025-06-22T00:29:44.900Z"}
{"level":"info","message":"Server is running on port 3000","timestamp":"2025-06-22T00:29:47.057Z"}
{"level":"info","message":"Server is running on port 3000","timestamp":"2025-06-22T00:29:49.540Z"}
{"level":"info","message":"Server is running on port 3000","timestamp":"2025-06-22T00:29:52.983Z"}
{"level":"info","message":"MongoDB connected successfully","timestamp":"2025-06-22T00:29:55.323Z"}
{"level":"info","message":"Server is running on port 3000","timestamp":"2025-06-22T00:30:16.237Z"}
{"level":"info","message":"MongoDB connected successfully","timestamp":"2025-06-22T00:30:18.699Z"}
{"level":"info","message":"Server is running on port 3000","timestamp":"2025-06-22T00:30:27.159Z"}
{"level":"info","message":"Server is running on port 3000","timestamp":"2025-06-22T00:30:29.153Z"}
{"level":"info","message":"Server is running on port 3000","timestamp":"2025-06-22T00:30:32.462Z"}
{"level":"info","message":"Server is running on port 3000","timestamp":"2025-06-22T00:30:34.675Z"}
{"level":"info","message":"MongoDB connected successfully","timestamp":"2025-06-22T00:30:37.489Z"}
{"level":"info","message":"Server is running on port 3000","timestamp":"2025-06-22T00:34:12.582Z"}
{"level":"info","message":"MongoDB connected successfully","timestamp":"2025-06-22T00:34:15.405Z"}
{"level":"info","message":"Server is running on port 3000","timestamp":"2025-06-22T00:36:48.665Z"}
{"level":"info","message":"MongoDB connected successfully","timestamp":"2025-06-22T00:36:51.060Z"}
{"level":"info","message":"Server is running on port 3000","timestamp":"2025-06-22T00:37:02.552Z"}
{"level":"info","message":"MongoDB connected successfully","timestamp":"2025-06-22T00:37:04.634Z"}
{"level":"info","message":"Server is running on port 3000","timestamp":"2025-06-22T00:37:17.278Z"}
{"level":"info","message":"MongoDB connected successfully","timestamp":"2025-06-22T00:37:19.821Z"}
{"level":"info","message":"Server is running on port 3000","timestamp":"2025-06-22T00:37:28.033Z"}
{"level":"info","message":"MongoDB connected successfully","timestamp":"2025-06-22T00:37:30.166Z"}
{"level":"info","message":"Server is running on port 3000","timestamp":"2025-06-22T00:37:31.734Z"}
{"level":"info","message":"MongoDB connected successfully","timestamp":"2025-06-22T00:37:33.933Z"}
{"level":"info","message":"Server is running on port 3000","timestamp":"2025-06-22T00:38:59.239Z"}
{"level":"info","message":"MongoDB connected successfully","timestamp":"2025-06-22T00:39:02.133Z"}
{"level":"info","message":"Server is running on port 3000","timestamp":"2025-06-22T00:39:25.384Z"}
{"level":"info","message":"MongoDB connected successfully","timestamp":"2025-06-22T00:39:27.893Z"}
{"level":"info","message":"Server is running on port 3000","timestamp":"2025-06-22T00:39:44.769Z"}
{"level":"info","message":"MongoDB connected successfully","timestamp":"2025-06-22T00:39:47.867Z"}
{"level":"info","message":"Server is running on port 3000","timestamp":"2025-06-22T00:40:12.447Z"}
{"level":"info","message":"MongoDB connected successfully","timestamp":"2025-06-22T00:40:14.514Z"}
{"level":"info","message":"Server is running on port 3000","timestamp":"2025-06-22T00:43:23.108Z"}
{"level":"info","message":"Server is running on port 3000","timestamp":"2025-06-22T00:43:26.063Z"}
{"level":"info","message":"Server is running on port 3000","timestamp":"2025-06-22T00:43:28.219Z"}
{"level":"info","message":"Server is running on port 3000","timestamp":"2025-06-22T00:43:31.581Z"}
{"level":"info","message":"MongoDB connected successfully","timestamp":"2025-06-22T00:43:33.574Z"}
{"level":"info","message":"Server is running on port 3000","timestamp":"2025-06-22T00:43:36.008Z"}
{"level":"info","message":"MongoDB connected successfully","timestamp":"2025-06-22T00:43:38.800Z"}
{"level":"info","message":"Server is running on port 3000","timestamp":"2025-06-22T00:43:48.712Z"}
{"level":"info","message":"MongoDB connected successfully","timestamp":"2025-06-22T00:43:52.175Z"}
{"level":"info","message":"Server is running on port 3000","timestamp":"2025-06-22T00:43:55.148Z"}
{"level":"info","message":"MongoDB connected successfully","timestamp":"2025-06-22T00:43:57.644Z"}
{"level":"info","message":"Server is running on port 3000","timestamp":"2025-06-22T00:44:05.999Z"}
{"level":"info","message":"MongoDB connected successfully","timestamp":"2025-06-22T00:44:08.168Z"}
{"level":"info","message":"Server is running on port 3000","timestamp":"2025-06-22T00:45:21.773Z"}
{"level":"info","message":"Server is running on port 3000","timestamp":"2025-06-22T00:45:23.137Z"}
{"level":"info","message":"Server is running on port 3000","timestamp":"2025-06-22T00:45:24.769Z"}
{"level":"info","message":"Server is running on port 3000","timestamp":"2025-06-22T00:45:28.058Z"}
{"level":"info","message":"MongoDB connected successfully","timestamp":"2025-06-22T00:45:30.322Z"}
{"level":"info","message":"Server is running on port 3000","timestamp":"2025-06-22T00:45:48.636Z"}
{"level":"info","message":"MongoDB connected successfully","timestamp":"2025-06-22T00:45:51.798Z"}
{"level":"info","message":"Server is running on port 3000","timestamp":"2025-06-22T00:46:02.065Z"}
{"level":"info","message":"Server is running on port 3000","timestamp":"2025-06-22T00:46:03.461Z"}
{"level":"info","message":"MongoDB connected successfully","timestamp":"2025-06-22T00:46:06.980Z"}
{"level":"info","message":"Server is running on port 3000","timestamp":"2025-06-22T00:46:11.063Z"}
{"level":"info","message":"Server is running on port 3000","timestamp":"2025-06-22T00:46:13.549Z"}
{"level":"info","message":"Server is running on port 3000","timestamp":"2025-06-22T00:46:14.623Z"}
{"level":"info","message":"MongoDB connected successfully","timestamp":"2025-06-22T00:46:16.764Z"}
{"level":"info","message":"Server is running on port 3000","timestamp":"2025-06-22T00:46:21.727Z"}
{"level":"info","message":"MongoDB connected successfully","timestamp":"2025-06-22T00:46:24.338Z"}
{"level":"info","message":"Server is running on port 3000","timestamp":"2025-06-22T00:46:38.058Z"}
{"level":"info","message":"MongoDB connected successfully","timestamp":"2025-06-22T00:46:40.120Z"}
{"level":"info","message":"Server is running on port 3000","timestamp":"2025-06-22T00:46:42.907Z"}
{"level":"info","message":"MongoDB connected successfully","timestamp":"2025-06-22T00:46:45.337Z"}
{"level":"info","message":"Server is running on port 3000","timestamp":"2025-06-22T00:46:47.178Z"}
{"level":"info","message":"MongoDB connected successfully","timestamp":"2025-06-22T00:46:49.672Z"}
{"level":"info","message":"Server is running on port 3000","timestamp":"2025-06-22T00:46:51.244Z"}
{"level":"info","message":"MongoDB connected successfully","timestamp":"2025-06-22T00:46:54.126Z"}
{"level":"info","message":"Server is running on port 3000","timestamp":"2025-06-22T00:46:55.739Z"}
{"level":"info","message":"Server is running on port 3000","timestamp":"2025-06-22T00:46:58.221Z"}
{"level":"info","message":"Server is running on port 3000","timestamp":"2025-06-22T00:47:00.780Z"}
{"level":"info","message":"MongoDB connected successfully","timestamp":"2025-06-22T00:47:03.135Z"}
{"level":"info","message":"Server is running on port 3000","timestamp":"2025-06-22T00:47:05.563Z"}
{"level":"info","message":"Server is running on port 3000","timestamp":"2025-06-22T00:47:07.590Z"}
{"level":"info","message":"MongoDB connected successfully","timestamp":"2025-06-22T00:47:09.848Z"}
{"level":"info","message":"Server is running on port 3000","timestamp":"2025-06-22T00:47:11.899Z"}
{"level":"info","message":"MongoDB connected successfully","timestamp":"2025-06-22T00:47:14.033Z"}
{"level":"info","message":"Server is running on port 3000","timestamp":"2025-06-22T00:47:19.431Z"}
{"level":"info","message":"MongoDB connected successfully","timestamp":"2025-06-22T00:47:22.352Z"}
{"level":"info","message":"Server is running on port 3000","timestamp":"2025-06-22T00:47:27.589Z"}
{"level":"info","message":"Server is running on port 3000","timestamp":"2025-06-22T00:47:30.548Z"}
{"level":"info","message":"MongoDB connected successfully","timestamp":"2025-06-22T00:47:32.568Z"}
{"level":"info","message":"Server is running on port 3000","timestamp":"2025-06-22T00:49:06.659Z"}
{"level":"info","message":"MongoDB connected successfully","timestamp":"2025-06-22T00:49:09.927Z"}
{"level":"info","message":"Server is running on port 3000","timestamp":"2025-06-22T00:50:46.291Z"}
{"level":"info","message":"MongoDB connected successfully","timestamp":"2025-06-22T00:50:48.558Z"}
{"level":"info","message":"Server is running on port 3000","timestamp":"2025-06-22T00:50:49.584Z"}
{"level":"info","message":"Server is running on port 3000","timestamp":"2025-06-22T00:50:52.082Z"}
{"level":"info","message":"Server is running on port 3000","timestamp":"2025-06-22T00:50:54.004Z"}
{"level":"info","message":"MongoDB connected successfully","timestamp":"2025-06-22T00:50:56.965Z"}
{"level":"info","message":"Server is running on port 3000","timestamp":"2025-06-22T00:50:58.103Z"}
{"level":"info","message":"MongoDB connected successfully","timestamp":"2025-06-22T00:51:00.095Z"}
{"level":"info","message":"Server is running on port 3000","timestamp":"2025-06-22T00:51:04.480Z"}
{"level":"info","message":"Server is running on port 3000","timestamp":"2025-06-22T00:51:05.445Z"}
{"level":"info","message":"Server is running on port 3000","timestamp":"2025-06-22T00:51:08.323Z"}
{"level":"info","message":"MongoDB connected successfully","timestamp":"2025-06-22T00:51:11.270Z"}
{"level":"info","message":"Server is running on port 3000","timestamp":"2025-06-22T00:51:21.328Z"}
{"level":"info","message":"MongoDB connected successfully","timestamp":"2025-06-22T00:51:23.471Z"}
{"level":"info","message":"Server is running on port 3000","timestamp":"2025-06-22T00:53:47.167Z"}
{"level":"info","message":"Server is running on port 3000","timestamp":"2025-06-22T00:53:49.365Z"}
{"level":"info","message":"MongoDB connected successfully","timestamp":"2025-06-22T00:53:51.652Z"}
{"level":"info","message":"Server is running on port 3000","timestamp":"2025-06-22T00:54:31.749Z"}
{"level":"info","message":"MongoDB connected successfully","timestamp":"2025-06-22T00:54:34.260Z"}
{"level":"info","message":"Server is running on port 3000","timestamp":"2025-06-22T00:55:07.975Z"}
{"level":"info","message":"MongoDB connected successfully","timestamp":"2025-06-22T00:55:10.467Z"}
{"level":"info","message":"Server is running on port 3000","timestamp":"2025-06-22T00:55:12.118Z"}
{"level":"info","message":"Server is running on port 3000","timestamp":"2025-06-22T00:55:13.621Z"}
{"level":"info","message":"MongoDB connected successfully","timestamp":"2025-06-22T00:55:16.031Z"}
{"level":"info","message":"Server is running on port 3000","timestamp":"2025-06-22T00:55:38.674Z"}
{"level":"info","message":"Server is running on port 3000","timestamp":"2025-06-22T00:55:41.483Z"}
{"level":"info","message":"Server is running on port 3000","timestamp":"2025-06-22T00:55:44.136Z"}
{"level":"info","message":"MongoDB connected successfully","timestamp":"2025-06-22T00:55:46.171Z"}
{"level":"info","message":"Server is running on port 3000","timestamp":"2025-06-22T01:15:40.559Z"}
{"level":"info","message":"Server is running on port 3000","timestamp":"2025-06-22T01:15:42.418Z"}
{"level":"info","message":"Server is running on port 3000","timestamp":"2025-06-22T01:15:45.050Z"}
{"level":"info","message":"Server is running on port 3000","timestamp":"2025-06-22T01:15:47.351Z"}
{"level":"info","message":"MongoDB connected successfully","timestamp":"2025-06-22T01:15:49.722Z"}
{"level":"info","message":"Server is running on port 3000","timestamp":"2025-06-22T01:15:53.210Z"}
{"level":"info","message":"MongoDB connected successfully","timestamp":"2025-06-22T01:15:55.765Z"}
{"level":"info","message":"Server is running on port 3000","timestamp":"2025-06-22T01:19:50.975Z"}
{"level":"info","message":"MongoDB connected successfully","timestamp":"2025-06-22T01:19:53.238Z"}
{"level":"info","message":"Server is running on port 3000","timestamp":"2025-06-22T01:19:56.118Z"}
{"level":"info","message":"MongoDB connected successfully","timestamp":"2025-06-22T01:19:59.512Z"}
{"level":"info","message":"Server is running on port 3000","timestamp":"2025-06-22T01:25:44.953Z"}
{"level":"info","message":"MongoDB connected successfully","timestamp":"2025-06-22T01:25:47.354Z"}
{"level":"info","message":"Server is running on port 3000","timestamp":"2025-06-22T01:26:21.060Z"}
{"level":"info","message":"Server is running on port 3000","timestamp":"2025-06-22T01:26:21.938Z"}
{"level":"info","message":"Server is running on port 3000","timestamp":"2025-06-22T01:26:23.006Z"}
{"level":"info","message":"MongoDB connected successfully","timestamp":"2025-06-22T01:26:25.764Z"}
{"level":"info","message":"Server is running on port 3000","timestamp":"2025-06-22T01:27:01.346Z"}
{"level":"info","message":"MongoDB connected successfully","timestamp":"2025-06-22T01:27:03.416Z"}
{"level":"info","message":"Server is running on port 3000","timestamp":"2025-06-22T01:27:36.492Z"}
{"level":"info","message":"MongoDB connected successfully","timestamp":"2025-06-22T01:27:39.797Z"}
{"level":"info","message":"Server is running on port 3000","timestamp":"2025-06-22T01:30:34.559Z"}
{"level":"info","message":"Server is running on port 3000","timestamp":"2025-06-22T01:30:35.504Z"}
{"level":"info","message":"MongoDB connected successfully","timestamp":"2025-06-22T01:30:37.887Z"}
{"level":"info","message":"Server is running on port 3000","timestamp":"2025-06-22T01:33:28.849Z"}
{"level":"info","message":"MongoDB connected successfully","timestamp":"2025-06-22T01:33:30.870Z"}
{"level":"info","message":"Server is running on port 3000","timestamp":"2025-06-22T01:40:02.367Z"}
{"level":"info","message":"Server is running on port 3000","timestamp":"2025-06-22T01:40:04.039Z"}
{"level":"info","message":"MongoDB connected successfully","timestamp":"2025-06-22T01:40:07.325Z"}
{"level":"info","message":"Server is running on port 3000","timestamp":"2025-06-22T01:41:28.642Z"}
{"level":"info","message":"MongoDB connected successfully","timestamp":"2025-06-22T01:41:31.232Z"}
{"level":"info","message":"Server is running on port 3000","timestamp":"2025-06-22T01:41:51.917Z"}
{"level":"info","message":"Server is running on port 3000","timestamp":"2025-06-22T01:41:52.851Z"}
{"level":"info","message":"MongoDB connected successfully","timestamp":"2025-06-22T01:41:55.580Z"}
{"level":"info","message":"Server is running on port 3000","timestamp":"2025-06-22T01:41:56.600Z"}
{"level":"info","message":"MongoDB connected successfully","timestamp":"2025-06-22T01:41:59.457Z"}
{"level":"info","message":"Server is running on port 3000","timestamp":"2025-06-22T01:42:06.851Z"}
{"level":"info","message":"MongoDB connected successfully","timestamp":"2025-06-22T01:42:09.493Z"}
{"level":"info","message":"Server is running on port 3000","timestamp":"2025-06-22T01:42:19.031Z"}
{"level":"info","message":"Server is running on port 3000","timestamp":"2025-06-22T01:42:20.743Z"}
{"level":"info","message":"Server is running on port 3000","timestamp":"2025-06-22T01:42:22.989Z"}
{"level":"info","message":"MongoDB connected successfully","timestamp":"2025-06-22T01:42:25.116Z"}
{"level":"info","message":"Server is running on port 3000","timestamp":"2025-06-22T01:42:25.952Z"}
{"level":"info","message":"Server is running on port 3000","timestamp":"2025-06-22T01:42:28.236Z"}
{"level":"info","message":"MongoDB connected successfully","timestamp":"2025-06-22T01:42:31.400Z"}
{"level":"info","message":"Server is running on port 3000","timestamp":"2025-06-22T01:42:49.938Z"}
{"level":"info","message":"MongoDB connected successfully","timestamp":"2025-06-22T01:42:52.293Z"}
{"level":"info","message":"Server is running on port 3000","timestamp":"2025-06-22T01:42:59.414Z"}
{"level":"info","message":"MongoDB connected successfully","timestamp":"2025-06-22T01:43:01.659Z"}
{"level":"info","message":"Server is running on port 3000","timestamp":"2025-06-22T01:43:11.201Z"}
{"level":"info","message":"MongoDB connected successfully","timestamp":"2025-06-22T01:43:13.385Z"}
{"level":"info","message":"Server is running on port 3000","timestamp":"2025-06-22T01:43:18.039Z"}
{"level":"info","message":"MongoDB connected successfully","timestamp":"2025-06-22T01:43:20.452Z"}
{"level":"info","message":"Server is running on port 3000","timestamp":"2025-06-22T01:45:03.597Z"}
{"level":"info","message":"MongoDB connected successfully","timestamp":"2025-06-22T01:45:06.111Z"}
{"level":"info","message":"Server is running on port 3000","timestamp":"2025-06-22T01:45:23.819Z"}
{"level":"info","message":"MongoDB connected successfully","timestamp":"2025-06-22T01:45:26.102Z"}
{"level":"info","message":"Server is running on port 3000","timestamp":"2025-06-22T01:45:27.809Z"}
{"level":"info","message":"Server is running on port 3000","timestamp":"2025-06-22T01:45:29.239Z"}
{"level":"info","message":"Server is running on port 3000","timestamp":"2025-06-22T01:45:31.369Z"}
{"level":"info","message":"Server is running on port 3000","timestamp":"2025-06-22T01:45:33.759Z"}
{"level":"info","message":"Server is running on port 3000","timestamp":"2025-06-22T01:45:35.050Z"}
{"level":"info","message":"MongoDB connected successfully","timestamp":"2025-06-22T01:45:37.616Z"}
{"level":"info","message":"Server is running on port 3000","timestamp":"2025-06-22T01:46:01.012Z"}
{"level":"info","message":"Server is running on port 3000","timestamp":"2025-06-22T01:46:02.085Z"}
{"level":"info","message":"MongoDB connected successfully","timestamp":"2025-06-22T01:46:05.214Z"}
{"level":"info","message":"Server is running on port 3000","timestamp":"2025-06-22T02:01:32.294Z"}
{"level":"info","message":"MongoDB connected successfully","timestamp":"2025-06-22T02:01:34.717Z"}
{"level":"info","message":"Server is running on port 3000","timestamp":"2025-06-22T02:01:48.128Z"}
{"level":"info","message":"MongoDB connected successfully","timestamp":"2025-06-22T02:01:50.034Z"}
{"level":"info","message":"Server is running on port 3000","timestamp":"2025-06-22T02:01:51.403Z"}
{"level":"info","message":"MongoDB connected successfully","timestamp":"2025-06-22T02:01:53.931Z"}
{"level":"info","message":"Server is running on port 3000","timestamp":"2025-06-22T02:02:13.565Z"}
{"level":"info","message":"Server is running on port 3000","timestamp":"2025-06-22T02:02:14.765Z"}
{"level":"info","message":"Server is running on port 3000","timestamp":"2025-06-22T02:02:17.561Z"}
{"level":"info","message":"Server is running on port 3000","timestamp":"2025-06-22T02:02:19.539Z"}
{"level":"info","message":"MongoDB connected successfully","timestamp":"2025-06-22T02:02:21.989Z"}
{"level":"info","message":"Server is running on port 3000","timestamp":"2025-06-22T02:02:28.104Z"}
{"level":"info","message":"MongoDB connected successfully","timestamp":"2025-06-22T02:02:30.452Z"}
{"level":"info","message":"Server is running on port 3000","timestamp":"2025-06-22T02:02:34.927Z"}
{"level":"info","message":"Server is running on port 3000","timestamp":"2025-06-22T02:02:38.180Z"}
{"level":"info","message":"Server is running on port 3000","timestamp":"2025-06-22T02:02:39.230Z"}
{"level":"info","message":"MongoDB connected successfully","timestamp":"2025-06-22T02:02:41.875Z"}
{"level":"info","message":"Server is running on port 3000","timestamp":"2025-06-22T02:03:35.638Z"}
{"level":"info","message":"MongoDB connected successfully","timestamp":"2025-06-22T02:03:38.542Z"}
{"level":"info","message":"Server is running on port 3000","timestamp":"2025-06-22T02:03:46.202Z"}
{"level":"info","message":"Server is running on port 3000","timestamp":"2025-06-22T02:03:49.625Z"}
{"level":"info","message":"MongoDB connected successfully","timestamp":"2025-06-22T02:03:51.802Z"}
{"level":"info","message":"Server is running on port 3000","timestamp":"2025-06-22T02:04:02.943Z"}
{"level":"info","message":"Server is running on port 3000","timestamp":"2025-06-22T02:04:04.303Z"}
{"level":"info","message":"Server is running on port 3000","timestamp":"2025-06-22T02:04:05.455Z"}
{"level":"info","message":"MongoDB connected successfully","timestamp":"2025-06-22T02:04:07.927Z"}
{"level":"info","message":"Server is running on port 3000","timestamp":"2025-06-22T02:04:09.865Z"}
{"level":"info","message":"MongoDB connected successfully","timestamp":"2025-06-22T02:04:12.692Z"}
{"level":"info","message":"Server is running on port 3000","timestamp":"2025-06-22T02:05:25.780Z"}
{"level":"info","message":"MongoDB connected successfully","timestamp":"2025-06-22T02:05:27.866Z"}
{"level":"info","message":"Server is running on port 3000","timestamp":"2025-06-22T02:06:00.603Z"}
{"level":"info","message":"MongoDB connected successfully","timestamp":"2025-06-22T02:06:03.706Z"}
{"level":"info","message":"Server is running on port 3000","timestamp":"2025-06-22T02:06:48.166Z"}
{"level":"info","message":"MongoDB connected successfully","timestamp":"2025-06-22T02:06:50.024Z"}
{"level":"info","message":"Server is running on port 3000","timestamp":"2025-06-22T02:06:55.284Z"}
{"level":"info","message":"MongoDB connected successfully","timestamp":"2025-06-22T02:06:57.493Z"}
{"level":"info","message":"Server is running on port 3000","timestamp":"2025-06-22T02:08:58.662Z"}
{"level":"info","message":"MongoDB connected successfully","timestamp":"2025-06-22T02:09:01.359Z"}
{"level":"info","message":"Server is running on port 3000","timestamp":"2025-06-22T02:09:10.982Z"}
{"level":"info","message":"MongoDB connected successfully","timestamp":"2025-06-22T02:09:13.673Z"}
{"level":"info","message":"Server is running on port 3000","timestamp":"2025-06-22T02:09:18.217Z"}
{"level":"info","message":"MongoDB connected successfully","timestamp":"2025-06-22T02:09:20.503Z"}
{"level":"info","message":"Server is running on port 3000","timestamp":"2025-06-22T02:09:22.406Z"}
{"level":"info","message":"MongoDB connected successfully","timestamp":"2025-06-22T02:09:24.901Z"}
{"level":"info","message":"Server is running on port 3000","timestamp":"2025-06-22T02:09:56.704Z"}
{"level":"info","message":"MongoDB connected successfully","timestamp":"2025-06-22T02:09:59.726Z"}
{"level":"info","message":"Server is running on port 3000","timestamp":"2025-06-22T02:10:04.467Z"}
{"level":"info","message":"MongoDB connected successfully","timestamp":"2025-06-22T02:10:06.484Z"}
{"level":"info","message":"Server is running on port 3000","timestamp":"2025-06-22T02:10:15.110Z"}
{"level":"info","message":"Server is running on port 3000","timestamp":"2025-06-22T02:10:16.206Z"}
{"level":"info","message":"MongoDB connected successfully","timestamp":"2025-06-22T02:10:18.584Z"}
{"level":"info","message":"Server is running on port 3000","timestamp":"2025-06-22T02:11:08.973Z"}
{"level":"info","message":"MongoDB connected successfully","timestamp":"2025-06-22T02:11:11.745Z"}
{"level":"info","message":"Server is running on port 3000","timestamp":"2025-06-22T02:11:33.244Z"}
{"level":"info","message":"MongoDB connected successfully","timestamp":"2025-06-22T02:11:35.794Z"}
{"level":"info","message":"Server is running on port 3000","timestamp":"2025-06-22T02:11:49.941Z"}
{"level":"info","message":"MongoDB connected successfully","timestamp":"2025-06-22T02:11:52.369Z"}
{"level":"info","message":"Server is running on port 3000","timestamp":"2025-06-22T02:11:56.736Z"}
{"level":"info","message":"MongoDB connected successfully","timestamp":"2025-06-22T02:11:59.014Z"}
{"level":"info","message":"Server is running on port 3000","timestamp":"2025-06-22T02:16:26.442Z"}
{"level":"info","message":"MongoDB connected successfully","timestamp":"2025-06-22T02:16:28.978Z"}
{"level":"info","message":"Server is running on port 3000","timestamp":"2025-06-22T02:17:12.644Z"}
{"level":"info","message":"MongoDB connected successfully","timestamp":"2025-06-22T02:17:14.817Z"}
{"level":"info","message":"Server is running on port 3000","timestamp":"2025-06-22T02:17:36.304Z"}
{"level":"info","message":"MongoDB connected successfully","timestamp":"2025-06-22T02:17:38.936Z"}
{"level":"info","message":"Server is running on port 3000","timestamp":"2025-06-22T02:17:49.380Z"}
{"level":"info","message":"MongoDB connected successfully","timestamp":"2025-06-22T02:17:51.968Z"}
{"level":"info","message":"Server is running on port 3000","timestamp":"2025-06-22T02:19:00.061Z"}
{"level":"info","message":"MongoDB connected successfully","timestamp":"2025-06-22T02:19:02.696Z"}
{"level":"info","message":"Server is running on port 3000","timestamp":"2025-06-22T02:20:19.599Z"}
{"level":"info","message":"MongoDB connected successfully","timestamp":"2025-06-22T02:20:22.462Z"}
{"level":"info","message":"Server is running on port 3000","timestamp":"2025-06-22T02:20:23.807Z"}
{"level":"info","message":"MongoDB connected successfully","timestamp":"2025-06-22T02:20:26.206Z"}
{"level":"info","message":"Server is running on port 3000","timestamp":"2025-06-22T02:21:05.541Z"}
{"level":"info","message":"Server is running on port 3000","timestamp":"2025-06-22T02:21:08.482Z"}
{"level":"info","message":"MongoDB connected successfully","timestamp":"2025-06-22T02:21:10.738Z"}
{"level":"info","message":"Server is running on port 3000","timestamp":"2025-06-22T02:23:26.576Z"}
{"level":"info","message":"MongoDB connected successfully","timestamp":"2025-06-22T02:23:29.036Z"}
{"level":"info","message":"Server is running on port 3000","timestamp":"2025-06-22T02:24:03.108Z"}
{"level":"info","message":"MongoDB connected successfully","timestamp":"2025-06-22T02:24:05.287Z"}
{"level":"info","message":"Server is running on port 3000","timestamp":"2025-06-22T02:24:20.275Z"}
{"level":"info","message":"MongoDB connected successfully","timestamp":"2025-06-22T02:24:22.590Z"}
{"level":"info","message":"Server is running on port 3000","timestamp":"2025-06-22T02:24:41.893Z"}
{"level":"info","message":"MongoDB connected successfully","timestamp":"2025-06-22T02:24:44.610Z"}
{"level":"info","message":"Server is running on port 3000","timestamp":"2025-06-22T02:27:25.371Z"}
{"level":"info","message":"MongoDB connected successfully","timestamp":"2025-06-22T02:27:27.849Z"}
{"level":"info","message":"Server is running on port 3000","timestamp":"2025-06-22T02:27:36.798Z"}
{"level":"info","message":"MongoDB connected successfully","timestamp":"2025-06-22T02:27:39.040Z"}
{"level":"info","message":"Server is running on port 3000","timestamp":"2025-06-22T02:27:46.605Z"}
{"level":"info","message":"MongoDB connected successfully","timestamp":"2025-06-22T02:27:49.085Z"}
{"level":"info","message":"Server is running on port 3000","timestamp":"2025-06-22T02:29:37.875Z"}
{"level":"info","message":"Server is running on port 3000","timestamp":"2025-06-22T02:30:12.644Z"}
{"level":"info","message":"Server is running on port 3000","timestamp":"2025-06-22T02:30:15.148Z"}
{"level":"info","message":"Server is running on port 3000","timestamp":"2025-06-22T02:30:17.197Z"}
{"level":"info","message":"MongoDB connected successfully","timestamp":"2025-06-22T02:30:19.969Z"}
{"level":"info","message":"Server is running on port 3000","timestamp":"2025-06-22T02:32:56.651Z"}
{"level":"info","message":"MongoDB connected successfully","timestamp":"2025-06-22T02:32:58.982Z"}
{"level":"info","message":"Server is running on port 3000","timestamp":"2025-06-22T02:33:02.229Z"}
{"level":"info","message":"Server is running on port 3000","timestamp":"2025-06-22T02:33:10.157Z"}
{"level":"info","message":"MongoDB connected successfully","timestamp":"2025-06-22T02:33:13.017Z"}
{"level":"info","message":"Server is running on port 3000","timestamp":"2025-06-22T02:33:28.817Z"}
{"level":"info","message":"Server is running on port 3000","timestamp":"2025-06-22T02:33:31.072Z"}
{"level":"info","message":"MongoDB connected successfully","timestamp":"2025-06-22T02:33:33.506Z"}
{"level":"info","message":"Server is running on port 3000","timestamp":"2025-06-22T02:34:51.184Z"}
{"level":"info","message":"MongoDB connected successfully","timestamp":"2025-06-22T02:34:53.671Z"}
{"level":"info","message":"Server is running on port 3000","timestamp":"2025-06-22T02:41:29.070Z"}
{"level":"info","message":"MongoDB connected successfully","timestamp":"2025-06-22T02:41:31.489Z"}
{"level":"info","message":"Server is running on port 3000","timestamp":"2025-06-22T02:42:57.264Z"}
{"level":"info","message":"MongoDB connected successfully","timestamp":"2025-06-22T02:43:00.580Z"}
{"level":"info","message":"Server is running on port 3000","timestamp":"2025-06-22T02:43:04.480Z"}
{"level":"info","message":"MongoDB connected successfully","timestamp":"2025-06-22T02:43:06.700Z"}
{"level":"info","message":"Server is running on port 3000","timestamp":"2025-06-22T02:43:44.956Z"}
{"level":"info","message":"Server is running on port 3000","timestamp":"2025-06-22T02:43:46.525Z"}
{"level":"info","message":"MongoDB connected successfully","timestamp":"2025-06-22T02:43:49.035Z"}
{"level":"info","message":"Server is running on port 3000","timestamp":"2025-06-22T02:44:10.792Z"}
{"level":"info","message":"MongoDB connected successfully","timestamp":"2025-06-22T02:44:14.061Z"}
{"level":"info","message":"Server is running on port 3000","timestamp":"2025-06-22T02:44:28.555Z"}
{"level":"info","message":"MongoDB connected successfully","timestamp":"2025-06-22T02:44:30.467Z"}
{"level":"info","message":"Server is running on port 3000","timestamp":"2025-06-22T02:46:17.408Z"}
{"level":"info","message":"MongoDB connected successfully","timestamp":"2025-06-22T02:46:19.844Z"}
{"level":"info","message":"Server is running on port 3000","timestamp":"2025-06-22T02:46:59.369Z"}
{"level":"info","message":"MongoDB connected successfully","timestamp":"2025-06-22T02:47:01.863Z"}
{"level":"info","message":"Server is running on port 3000","timestamp":"2025-06-22T02:47:07.141Z"}
{"level":"info","message":"Server is running on port 3000","timestamp":"2025-06-22T02:47:09.708Z"}
{"level":"info","message":"MongoDB connected successfully","timestamp":"2025-06-22T02:47:12.397Z"}
{"level":"info","message":"Server is running on port 3000","timestamp":"2025-06-22T02:54:11.847Z"}
{"level":"info","message":"MongoDB connected successfully","timestamp":"2025-06-22T02:54:14.085Z"}
{"level":"info","message":"Server is running on port 3000","timestamp":"2025-06-22T02:54:20.654Z"}
{"level":"info","message":"MongoDB connected successfully","timestamp":"2025-06-22T02:54:23.221Z"}
{"level":"info","message":"Server is running on port 3000","timestamp":"2025-06-22T02:58:20.865Z"}
{"level":"info","message":"MongoDB connected successfully","timestamp":"2025-06-22T02:58:23.772Z"}
{"level":"info","message":"Server is running on port 3000","timestamp":"2025-06-22T03:08:47.918Z"}
{"level":"info","message":"MongoDB connected successfully","timestamp":"2025-06-22T03:08:50.857Z"}
{"level":"info","message":"Server is running on port 3000","timestamp":"2025-06-22T03:09:00.047Z"}
{"level":"info","message":"MongoDB connected successfully","timestamp":"2025-06-22T03:09:02.581Z"}
{"level":"info","message":"Server is running on port 3000","timestamp":"2025-06-22T03:09:06.722Z"}
{"level":"info","message":"MongoDB connected successfully","timestamp":"2025-06-22T03:09:09.190Z"}
{"level":"info","message":"Server is running on port 3000","timestamp":"2025-06-22T03:09:26.001Z"}
{"level":"info","message":"MongoDB connected successfully","timestamp":"2025-06-22T03:09:28.478Z"}
{"level":"info","message":"Server is running on port 3000","timestamp":"2025-06-22T03:09:49.858Z"}
{"level":"info","message":"MongoDB connected successfully","timestamp":"2025-06-22T03:09:52.417Z"}
{"level":"info","message":"Server is running on port 3000","timestamp":"2025-06-22T03:09:56.074Z"}
{"level":"info","message":"MongoDB connected successfully","timestamp":"2025-06-22T03:09:58.302Z"}
{"level":"info","message":"Server is running on port 3000","timestamp":"2025-06-22T03:22:18.474Z"}
{"level":"info","message":"Server is running on port 3000","timestamp":"2025-06-22T03:22:18.479Z"}
{"level":"info","message":"MongoDB connected successfully","timestamp":"2025-06-22T03:22:21.220Z"}
{"level":"info","message":"MongoDB connected successfully","timestamp":"2025-06-22T03:22:21.220Z"}
{"level":"info","message":"Server is running on port 3000","timestamp":"2025-06-22T03:22:32.770Z"}
{"level":"info","message":"Server is running on port 3000","timestamp":"2025-06-22T03:22:32.771Z"}
{"level":"info","message":"MongoDB connected successfully","timestamp":"2025-06-22T03:22:35.647Z"}
{"level":"info","message":"MongoDB connected successfully","timestamp":"2025-06-22T03:22:36.065Z"}
{"level":"info","message":"GET / 304 - - 2.789 ms","timestamp":"2025-06-22T03:27:07.938Z"}
{"level":"info","message":"GET /favicon.ico 404 150 - 1.228 ms","timestamp":"2025-06-22T03:27:07.991Z"}
{"level":"info","message":"POST /api/auth/signup/auth/signup 404 167 - 25.366 ms","timestamp":"2025-06-22T03:28:05.934Z"}
{"level":"info","message":"POST /api/auth/signup/auth/signup 404 167 - 1.223 ms","timestamp":"2025-06-22T03:28:06.623Z"}
{"level":"error","message":"Error:","timestamp":"2025-06-22T03:28:26.175Z"}
{"level":"info","message":"POST /api/auth/signup 500 51 - 225.782 ms","timestamp":"2025-06-22T03:28:26.177Z"}
{"level":"info","message":"POST /api/auth/signup 201 850 - 727.927 ms","timestamp":"2025-06-22T03:29:12.511Z"}
{"level":"info","message":"POST /auth/signin 404 151 - 0.962 ms","timestamp":"2025-06-22T03:30:30.782Z"}
{"level":"info","message":"POST /auth/signin 404 151 - 1.695 ms","timestamp":"2025-06-22T03:31:13.227Z"}
{"level":"info","message":"POST /api/auth/signin 200 850 - 216.279 ms","timestamp":"2025-06-22T03:31:34.149Z"}
{"level":"info","message":"GET /api/auth/weather?lat=24.71&lon=46.68 404 155 - 3.212 ms","timestamp":"2025-06-22T03:36:42.107Z"}
{"level":"info","message":"GET /api/auth/weather?%24%7Blat%7D=&%24%7Blon%7D+http%3A%2F%2Flocalhost%3A3000%2Fapi%2Fweather%3Flat=24.7136&lon=46.6753&lat=24.71&lon=46.68 404 155 - 2.020 ms","timestamp":"2025-06-22T03:41:01.857Z"}
{"level":"info","message":"GET /api/auth/weather?%24%7Blat%7D=&%24%7Blon%7D=&lat=24.71&lon=46.68 404 155 - 0.756 ms","timestamp":"2025-06-22T03:41:37.473Z"}
{"level":"info","message":"GET /api/auth/weather$%7Blat%7D&$%7Blon%7D?lat=24.71&lon=46.68 404 180 - 0.483 ms","timestamp":"2025-06-22T03:41:58.694Z"}
{"level":"info","message":"GET /api/auth/weather$%7Blat%7D&$%7Blon%7D?lat=24.71&lon=46.68 404 180 - 1.306 ms","timestamp":"2025-06-22T03:42:20.644Z"}
{"level":"info","message":"GET /api/auth/weather$%7Blat%7D&$%7Blon%7D 404 180 - 1.599 ms","timestamp":"2025-06-22T03:42:38.551Z"}
{"level":"info","message":"GET /api/auth/weather?lat=24.71&lon=46.68 404 155 - 1.986 ms","timestamp":"2025-06-22T03:46:10.229Z"}
{"level":"info","message":"GET /api/auth/weather?lat=24.71&lon=46.68 404 155 - 0.462 ms","timestamp":"2025-06-22T03:47:24.044Z"}
{"level":"info","message":"GET /api/auth/weather?lat=24.71&lon=46.68 404 155 - 0.992 ms","timestamp":"2025-06-22T03:47:39.934Z"}
{"level":"error","message":"Error:","timestamp":"2025-06-22T03:49:44.321Z"}
{"level":"info","message":"GET /api/weather?lat=24.7136&lon=46.6753&lat=24.71&lon=46.68 500 51 - 10.112 ms","timestamp":"2025-06-22T03:49:44.324Z"}
{"level":"error","message":"Error:","timestamp":"2025-06-22T03:49:49.351Z"}
{"level":"info","message":"GET /api/weather?lat=24.7136&lon=46.6753 500 51 - 1.810 ms","timestamp":"2025-06-22T03:49:49.354Z"}
{"level":"error","message":"Error:","timestamp":"2025-06-22T03:50:23.671Z"}
{"level":"info","message":"GET /api/weather?lat=24.7136&lon=46.6753&lat=24.7136&lon=46.6753 500 51 - 2.268 ms","timestamp":"2025-06-22T03:50:23.673Z"}
{"level":"info","message":"Server is running on port 3000","timestamp":"2025-06-22T03:53:35.922Z"}
{"level":"info","message":"Server is running on port 3000","timestamp":"2025-06-22T03:53:38.462Z"}
{"level":"info","message":"MongoDB connected successfully","timestamp":"2025-06-22T03:53:41.040Z"}
{"level":"error","message":"Error:","timestamp":"2025-06-22T03:53:48.383Z"}
{"level":"error","message":"Error: Invalid token\n    at authorized (/Users/ayooshaltamimi/Desktop/react-component/WeatherAPI-BackEnd/src/middleware/auth.middleware.ts:60:12)\n    at Layer.handleRequest (/Users/ayooshaltamimi/Desktop/react-component/WeatherAPI-BackEnd/node_modules/router/lib/layer.js:152:17)\n    at next (/Users/ayooshaltamimi/Desktop/react-component/WeatherAPI-BackEnd/node_modules/router/lib/route.js:157:13)\n    at Route.dispatch (/Users/ayooshaltamimi/Desktop/react-component/WeatherAPI-BackEnd/node_modules/router/lib/route.js:117:3)\n    at handle (/Users/ayooshaltamimi/Desktop/react-component/WeatherAPI-BackEnd/node_modules/router/index.js:435:11)\n    at Layer.handleRequest (/Users/ayooshaltamimi/Desktop/react-component/WeatherAPI-BackEnd/node_modules/router/lib/layer.js:152:17)\n    at /Users/ayooshaltamimi/Desktop/react-component/WeatherAPI-BackEnd/node_modules/router/index.js:295:15\n    at processParams (/Users/ayooshaltamimi/Desktop/react-component/WeatherAPI-BackEnd/node_modules/router/index.js:582:12)\n    at next (/Users/ayooshaltamimi/Desktop/react-component/WeatherAPI-BackEnd/node_modules/router/index.js:291:5)\n    at Function.handle (/Users/ayooshaltamimi/Desktop/react-component/WeatherAPI-BackEnd/node_modules/router/index.js:186:3)","timestamp":"2025-06-22T03:53:48.388Z"}
{"level":"info","message":"GET /api/weather?lat=24.7136&lon=46.6753&lat=24.7136&lon=46.6753 500 51 - 2.218 ms","timestamp":"2025-06-22T03:53:48.388Z"}
{"level":"error","message":"Error:","timestamp":"2025-06-22T03:55:17.321Z"}
{"level":"error","message":"Error: Invalid token\n    at authorized (/Users/ayooshaltamimi/Desktop/react-component/WeatherAPI-BackEnd/src/middleware/auth.middleware.ts:60:12)\n    at Layer.handleRequest (/Users/ayooshaltamimi/Desktop/react-component/WeatherAPI-BackEnd/node_modules/router/lib/layer.js:152:17)\n    at next (/Users/ayooshaltamimi/Desktop/react-component/WeatherAPI-BackEnd/node_modules/router/lib/route.js:157:13)\n    at Route.dispatch (/Users/ayooshaltamimi/Desktop/react-component/WeatherAPI-BackEnd/node_modules/router/lib/route.js:117:3)\n    at handle (/Users/ayooshaltamimi/Desktop/react-component/WeatherAPI-BackEnd/node_modules/router/index.js:435:11)\n    at Layer.handleRequest (/Users/ayooshaltamimi/Desktop/react-component/WeatherAPI-BackEnd/node_modules/router/lib/layer.js:152:17)\n    at /Users/ayooshaltamimi/Desktop/react-component/WeatherAPI-BackEnd/node_modules/router/index.js:295:15\n    at processParams (/Users/ayooshaltamimi/Desktop/react-component/WeatherAPI-BackEnd/node_modules/router/index.js:582:12)\n    at next (/Users/ayooshaltamimi/Desktop/react-component/WeatherAPI-BackEnd/node_modules/router/index.js:291:5)\n    at Function.handle (/Users/ayooshaltamimi/Desktop/react-component/WeatherAPI-BackEnd/node_modules/router/index.js:186:3)","timestamp":"2025-06-22T03:55:17.323Z"}
{"level":"info","message":"GET /api/weather?lat=24.7136&lon=46.6753&lat=24.7136&lon=46.6753 500 51 - 2.353 ms","timestamp":"2025-06-22T03:55:17.323Z"}
{"level":"info","message":"Server is running on port 3000","timestamp":"2025-06-22T03:56:07.612Z"}
{"level":"info","message":"MongoDB connected successfully","timestamp":"2025-06-22T03:56:10.983Z"}
{"level":"info","message":"Server is running on port 3000","timestamp":"2025-06-22T03:56:14.182Z"}
{"level":"info","message":"MongoDB connected successfully","timestamp":"2025-06-22T03:56:16.758Z"}
{"level":"error","message":"Error:","timestamp":"2025-06-22T03:56:19.828Z"}
{"level":"info","message":"GET /api/weather?lat=24.7136&lon=46.6753&lat=24.7136&lon=46.6753 500 51 - 2.753 ms","timestamp":"2025-06-22T03:56:19.830Z"}
{"level":"error","message":"Error:","timestamp":"2025-06-22T03:56:24.751Z"}
{"level":"info","message":"GET /api/weather?lat=24.7136&lon=46.6753 500 51 - 3.399 ms","timestamp":"2025-06-22T03:56:24.753Z"}
{"level":"error","message":"Error:","timestamp":"2025-06-22T03:56:41.436Z"}
{"level":"info","message":"GET /api/weather?lat=24.7136&lon=46.6753&lat=24.7136&lon=46.6753 500 51 - 12.316 ms","timestamp":"2025-06-22T03:56:41.439Z"}
{"level":"error","message":"Error:","timestamp":"2025-06-22T03:58:33.325Z"}
{"level":"info","message":"GET /api/weather?lat=24.7136&lon=46.6753&lat=24.7136&lon=46.6753 500 51 - 6.224 ms","timestamp":"2025-06-22T03:58:33.327Z"}
{"level":"error","message":"Error:","timestamp":"2025-06-22T03:58:40.033Z"}
{"level":"info","message":"GET /api/weather?lat=24.7136&lon=46.6753 500 51 - 1.598 ms","timestamp":"2025-06-22T03:58:40.035Z"}
{"level":"info","message":"Server is running on port 3000","timestamp":"2025-06-22T04:00:23.080Z"}
{"level":"info","message":"MongoDB connected successfully","timestamp":"2025-06-22T04:00:25.628Z"}
{"level":"error","message":" Error message: Invalid token","timestamp":"2025-06-22T04:00:26.044Z"}
{"level":"error","message":" Stack trace: Error: Invalid token\n    at authorized (/Users/ayooshaltamimi/Desktop/react-component/WeatherAPI-BackEnd/src/middleware/auth.middleware.ts:60:12)\n    at Layer.handleRequest (/Users/ayooshaltamimi/Desktop/react-component/WeatherAPI-BackEnd/node_modules/router/lib/layer.js:152:17)\n    at next (/Users/ayooshaltamimi/Desktop/react-component/WeatherAPI-BackEnd/node_modules/router/lib/route.js:157:13)\n    at Route.dispatch (/Users/ayooshaltamimi/Desktop/react-component/WeatherAPI-BackEnd/node_modules/router/lib/route.js:117:3)\n    at handle (/Users/ayooshaltamimi/Desktop/react-component/WeatherAPI-BackEnd/node_modules/router/index.js:435:11)\n    at Layer.handleRequest (/Users/ayooshaltamimi/Desktop/react-component/WeatherAPI-BackEnd/node_modules/router/lib/layer.js:152:17)\n    at /Users/ayooshaltamimi/Desktop/react-component/WeatherAPI-BackEnd/node_modules/router/index.js:295:15\n    at processParams (/Users/ayooshaltamimi/Desktop/react-component/WeatherAPI-BackEnd/node_modules/router/index.js:582:12)\n    at next (/Users/ayooshaltamimi/Desktop/react-component/WeatherAPI-BackEnd/node_modules/router/index.js:291:5)\n    at Function.handle (/Users/ayooshaltamimi/Desktop/react-component/WeatherAPI-BackEnd/node_modules/router/index.js:186:3)","timestamp":"2025-06-22T04:00:26.047Z"}
{"level":"info","message":"GET /api/weather?lat=24.7136&lon=46.6753 500 51 - 4.470 ms","timestamp":"2025-06-22T04:00:26.050Z"}
{"level":"error","message":" Error message: Invalid token","timestamp":"2025-06-22T04:00:33.449Z"}
{"level":"error","message":" Stack trace: Error: Invalid token\n    at authorized (/Users/ayooshaltamimi/Desktop/react-component/WeatherAPI-BackEnd/src/middleware/auth.middleware.ts:60:12)\n    at Layer.handleRequest (/Users/ayooshaltamimi/Desktop/react-component/WeatherAPI-BackEnd/node_modules/router/lib/layer.js:152:17)\n    at next (/Users/ayooshaltamimi/Desktop/react-component/WeatherAPI-BackEnd/node_modules/router/lib/route.js:157:13)\n    at Route.dispatch (/Users/ayooshaltamimi/Desktop/react-component/WeatherAPI-BackEnd/node_modules/router/lib/route.js:117:3)\n    at handle (/Users/ayooshaltamimi/Desktop/react-component/WeatherAPI-BackEnd/node_modules/router/index.js:435:11)\n    at Layer.handleRequest (/Users/ayooshaltamimi/Desktop/react-component/WeatherAPI-BackEnd/node_modules/router/lib/layer.js:152:17)\n    at /Users/ayooshaltamimi/Desktop/react-component/WeatherAPI-BackEnd/node_modules/router/index.js:295:15\n    at processParams (/Users/ayooshaltamimi/Desktop/react-component/WeatherAPI-BackEnd/node_modules/router/index.js:582:12)\n    at next (/Users/ayooshaltamimi/Desktop/react-component/WeatherAPI-BackEnd/node_modules/router/index.js:291:5)\n    at Function.handle (/Users/ayooshaltamimi/Desktop/react-component/WeatherAPI-BackEnd/node_modules/router/index.js:186:3)","timestamp":"2025-06-22T04:00:33.451Z"}
{"level":"info","message":"GET /api/weather?lat=24.7136&lon=46.6753 500 51 - 7.597 ms","timestamp":"2025-06-22T04:00:33.454Z"}
{"level":"error","message":" Error message: Email already exists","timestamp":"2025-06-22T04:01:42.458Z"}
{"level":"error","message":" Stack trace: Error: Email already exists\n    at Object.signUp (/Users/ayooshaltamimi/Desktop/react-component/WeatherAPI-BackEnd/src/services/auth.service.ts:17:11)\n    at processTicksAndRejections (node:internal/process/task_queues:105:5)\n    at async signUp (/Users/ayooshaltamimi/Desktop/react-component/WeatherAPI-BackEnd/src/controllers/auth.controller.ts:14:49)","timestamp":"2025-06-22T04:01:42.463Z"}
{"level":"info","message":"POST /api/auth/signup 500 51 - 381.723 ms","timestamp":"2025-06-22T04:01:42.465Z"}
{"level":"info","message":"POST /api/auth/signup 201 854 - 591.440 ms","timestamp":"2025-06-22T04:01:55.422Z"}
{"level":"info","message":"POST /api/auth/signin 200 854 - 285.746 ms","timestamp":"2025-06-22T04:02:06.591Z"}
{"level":"error","message":" Error message: Invalid token","timestamp":"2025-06-22T04:02:19.773Z"}
{"level":"error","message":" Stack trace: Error: Invalid token\n    at authorized (/Users/ayooshaltamimi/Desktop/react-component/WeatherAPI-BackEnd/src/middleware/auth.middleware.ts:60:12)\n    at Layer.handleRequest (/Users/ayooshaltamimi/Desktop/react-component/WeatherAPI-BackEnd/node_modules/router/lib/layer.js:152:17)\n    at next (/Users/ayooshaltamimi/Desktop/react-component/WeatherAPI-BackEnd/node_modules/router/lib/route.js:157:13)\n    at Route.dispatch (/Users/ayooshaltamimi/Desktop/react-component/WeatherAPI-BackEnd/node_modules/router/lib/route.js:117:3)\n    at handle (/Users/ayooshaltamimi/Desktop/react-component/WeatherAPI-BackEnd/node_modules/router/index.js:435:11)\n    at Layer.handleRequest (/Users/ayooshaltamimi/Desktop/react-component/WeatherAPI-BackEnd/node_modules/router/lib/layer.js:152:17)\n    at /Users/ayooshaltamimi/Desktop/react-component/WeatherAPI-BackEnd/node_modules/router/index.js:295:15\n    at processParams (/Users/ayooshaltamimi/Desktop/react-component/WeatherAPI-BackEnd/node_modules/router/index.js:582:12)\n    at next (/Users/ayooshaltamimi/Desktop/react-component/WeatherAPI-BackEnd/node_modules/router/index.js:291:5)\n    at Function.handle (/Users/ayooshaltamimi/Desktop/react-component/WeatherAPI-BackEnd/node_modules/router/index.js:186:3)","timestamp":"2025-06-22T04:02:19.775Z"}
{"level":"info","message":"GET /api/weather?lat=24.7136&lon=46.6753 500 51 - 4.508 ms","timestamp":"2025-06-22T04:02:19.776Z"}
{"level":"error","message":" Error message: Invalid token","timestamp":"2025-06-22T04:06:29.227Z"}
{"level":"error","message":" Stack trace: Error: Invalid token\n    at authorized (/Users/ayooshaltamimi/Desktop/react-component/WeatherAPI-BackEnd/src/middleware/auth.middleware.ts:60:12)\n    at Layer.handleRequest (/Users/ayooshaltamimi/Desktop/react-component/WeatherAPI-BackEnd/node_modules/router/lib/layer.js:152:17)\n    at next (/Users/ayooshaltamimi/Desktop/react-component/WeatherAPI-BackEnd/node_modules/router/lib/route.js:157:13)\n    at Route.dispatch (/Users/ayooshaltamimi/Desktop/react-component/WeatherAPI-BackEnd/node_modules/router/lib/route.js:117:3)\n    at handle (/Users/ayooshaltamimi/Desktop/react-component/WeatherAPI-BackEnd/node_modules/router/index.js:435:11)\n    at Layer.handleRequest (/Users/ayooshaltamimi/Desktop/react-component/WeatherAPI-BackEnd/node_modules/router/lib/layer.js:152:17)\n    at /Users/ayooshaltamimi/Desktop/react-component/WeatherAPI-BackEnd/node_modules/router/index.js:295:15\n    at processParams (/Users/ayooshaltamimi/Desktop/react-component/WeatherAPI-BackEnd/node_modules/router/index.js:582:12)\n    at next (/Users/ayooshaltamimi/Desktop/react-component/WeatherAPI-BackEnd/node_modules/router/index.js:291:5)\n    at Function.handle (/Users/ayooshaltamimi/Desktop/react-component/WeatherAPI-BackEnd/node_modules/router/index.js:186:3)","timestamp":"2025-06-22T04:06:29.227Z"}
{"level":"info","message":"GET /api/weather?lat=24.7136&lon=46.6753 500 51 - 2.298 ms","timestamp":"2025-06-22T04:06:29.234Z"}
{"level":"error","message":" Error message: Invalid token","timestamp":"2025-06-22T04:06:44.571Z"}
{"level":"error","message":" Stack trace: Error: Invalid token\n    at authorized (/Users/ayooshaltamimi/Desktop/react-component/WeatherAPI-BackEnd/src/middleware/auth.middleware.ts:60:12)\n    at Layer.handleRequest (/Users/ayooshaltamimi/Desktop/react-component/WeatherAPI-BackEnd/node_modules/router/lib/layer.js:152:17)\n    at next (/Users/ayooshaltamimi/Desktop/react-component/WeatherAPI-BackEnd/node_modules/router/lib/route.js:157:13)\n    at Route.dispatch (/Users/ayooshaltamimi/Desktop/react-component/WeatherAPI-BackEnd/node_modules/router/lib/route.js:117:3)\n    at handle (/Users/ayooshaltamimi/Desktop/react-component/WeatherAPI-BackEnd/node_modules/router/index.js:435:11)\n    at Layer.handleRequest (/Users/ayooshaltamimi/Desktop/react-component/WeatherAPI-BackEnd/node_modules/router/lib/layer.js:152:17)\n    at /Users/ayooshaltamimi/Desktop/react-component/WeatherAPI-BackEnd/node_modules/router/index.js:295:15\n    at processParams (/Users/ayooshaltamimi/Desktop/react-component/WeatherAPI-BackEnd/node_modules/router/index.js:582:12)\n    at next (/Users/ayooshaltamimi/Desktop/react-component/WeatherAPI-BackEnd/node_modules/router/index.js:291:5)\n    at Function.handle (/Users/ayooshaltamimi/Desktop/react-component/WeatherAPI-BackEnd/node_modules/router/index.js:186:3)","timestamp":"2025-06-22T04:06:44.573Z"}
{"level":"info","message":"GET /api/weather?lat=24.7136&lon=46.6753 500 51 - 7.265 ms","timestamp":"2025-06-22T04:06:44.574Z"}
{"level":"info","message":"Server is running on port 3000","timestamp":"2025-06-22T04:11:15.800Z"}
{"level":"info","message":"MongoDB connected successfully","timestamp":"2025-06-22T04:11:18.319Z"}
{"level":"info","message":"Server is running on port 3000","timestamp":"2025-06-22T04:52:12.809Z"}
{"level":"info","message":"MongoDB connected successfully","timestamp":"2025-06-22T04:52:14.936Z"}
{"level":"error","message":"Error:","timestamp":"2025-06-22T04:52:23.847Z"}
{"level":"info","message":"GET /api/weather?lat=24.7136&lon=46.6753 500 51 - 4.091 ms","timestamp":"2025-06-22T04:52:23.849Z"}
{"level":"info","message":"Server is running on port 3000","timestamp":"2025-06-22T04:54:31.207Z"}
{"level":"info","message":"MongoDB connected successfully","timestamp":"2025-06-22T04:54:33.812Z"}
{"level":"info","message":"Server is running on port 3000","timestamp":"2025-06-22T04:54:41.357Z"}
{"level":"info","message":"MongoDB connected successfully","timestamp":"2025-06-22T04:54:43.982Z"}
{"level":"info","message":"Server is running on port 3000","timestamp":"2025-06-22T04:55:16.278Z"}
{"level":"info","message":"MongoDB connected successfully","timestamp":"2025-06-22T04:55:19.403Z"}
{"level":"info","message":"Server is running on port 3000","timestamp":"2025-06-22T04:55:23.777Z"}
{"level":"info","message":"MongoDB connected successfully","timestamp":"2025-06-22T04:55:26.683Z"}
{"level":"info","message":"Server is running on port 3000","timestamp":"2025-06-22T04:55:35.625Z"}
{"level":"info","message":"MongoDB connected successfully","timestamp":"2025-06-22T04:55:39.246Z"}
{"level":"info","message":"Server is running on port 3000","timestamp":"2025-06-22T04:57:24.407Z"}
{"level":"info","message":"MongoDB connected successfully","timestamp":"2025-06-22T04:57:26.669Z"}
{"level":"info","message":"Server is running on port 3000","timestamp":"2025-06-22T04:57:31.979Z"}
{"level":"info","message":"MongoDB connected successfully","timestamp":"2025-06-22T04:57:34.125Z"}
{"level":"info","message":"Server is running on port 3000","timestamp":"2025-06-22T05:04:50.403Z"}
{"level":"info","message":"MongoDB connected successfully","timestamp":"2025-06-22T05:04:53.705Z"}
{"level":"info","message":"Server is running on port 3000","timestamp":"2025-06-22T05:04:56.860Z"}
{"level":"info","message":"MongoDB connected successfully","timestamp":"2025-06-22T05:05:00.272Z"}
