{"level":"error","message":"Error:","timestamp":"2025-06-22T03:28:26.175Z"}
{"level":"error","message":"Error:","timestamp":"2025-06-22T03:49:44.321Z"}
{"level":"error","message":"Error:","timestamp":"2025-06-22T03:49:49.351Z"}
{"level":"error","message":"Error:","timestamp":"2025-06-22T03:50:23.671Z"}
{"level":"error","message":"Error:","timestamp":"2025-06-22T03:53:48.383Z"}
{"level":"error","message":"Error: Invalid token\n    at authorized (/Users/ayooshaltamimi/Desktop/react-component/WeatherAPI-BackEnd/src/middleware/auth.middleware.ts:60:12)\n    at Layer.handleRequest (/Users/ayooshaltamimi/Desktop/react-component/WeatherAPI-BackEnd/node_modules/router/lib/layer.js:152:17)\n    at next (/Users/ayooshaltamimi/Desktop/react-component/WeatherAPI-BackEnd/node_modules/router/lib/route.js:157:13)\n    at Route.dispatch (/Users/ayooshaltamimi/Desktop/react-component/WeatherAPI-BackEnd/node_modules/router/lib/route.js:117:3)\n    at handle (/Users/ayooshaltamimi/Desktop/react-component/WeatherAPI-BackEnd/node_modules/router/index.js:435:11)\n    at Layer.handleRequest (/Users/ayooshaltamimi/Desktop/react-component/WeatherAPI-BackEnd/node_modules/router/lib/layer.js:152:17)\n    at /Users/ayooshaltamimi/Desktop/react-component/WeatherAPI-BackEnd/node_modules/router/index.js:295:15\n    at processParams (/Users/ayooshaltamimi/Desktop/react-component/WeatherAPI-BackEnd/node_modules/router/index.js:582:12)\n    at next (/Users/ayooshaltamimi/Desktop/react-component/WeatherAPI-BackEnd/node_modules/router/index.js:291:5)\n    at Function.handle (/Users/ayooshaltamimi/Desktop/react-component/WeatherAPI-BackEnd/node_modules/router/index.js:186:3)","timestamp":"2025-06-22T03:53:48.388Z"}
{"level":"error","message":"Error:","timestamp":"2025-06-22T03:55:17.321Z"}
{"level":"error","message":"Error: Invalid token\n    at authorized (/Users/ayooshaltamimi/Desktop/react-component/WeatherAPI-BackEnd/src/middleware/auth.middleware.ts:60:12)\n    at Layer.handleRequest (/Users/ayooshaltamimi/Desktop/react-component/WeatherAPI-BackEnd/node_modules/router/lib/layer.js:152:17)\n    at next (/Users/ayooshaltamimi/Desktop/react-component/WeatherAPI-BackEnd/node_modules/router/lib/route.js:157:13)\n    at Route.dispatch (/Users/ayooshaltamimi/Desktop/react-component/WeatherAPI-BackEnd/node_modules/router/lib/route.js:117:3)\n    at handle (/Users/ayooshaltamimi/Desktop/react-component/WeatherAPI-BackEnd/node_modules/router/index.js:435:11)\n    at Layer.handleRequest (/Users/ayooshaltamimi/Desktop/react-component/WeatherAPI-BackEnd/node_modules/router/lib/layer.js:152:17)\n    at /Users/ayooshaltamimi/Desktop/react-component/WeatherAPI-BackEnd/node_modules/router/index.js:295:15\n    at processParams (/Users/ayooshaltamimi/Desktop/react-component/WeatherAPI-BackEnd/node_modules/router/index.js:582:12)\n    at next (/Users/ayooshaltamimi/Desktop/react-component/WeatherAPI-BackEnd/node_modules/router/index.js:291:5)\n    at Function.handle (/Users/ayooshaltamimi/Desktop/react-component/WeatherAPI-BackEnd/node_modules/router/index.js:186:3)","timestamp":"2025-06-22T03:55:17.323Z"}
{"level":"error","message":"Error:","timestamp":"2025-06-22T03:56:19.828Z"}
{"level":"error","message":"Error:","timestamp":"2025-06-22T03:56:24.751Z"}
{"level":"error","message":"Error:","timestamp":"2025-06-22T03:56:41.436Z"}
{"level":"error","message":"Error:","timestamp":"2025-06-22T03:58:33.325Z"}
{"level":"error","message":"Error:","timestamp":"2025-06-22T03:58:40.033Z"}
{"level":"error","message":"❌ Error message: Invalid token","timestamp":"2025-06-22T04:00:26.044Z"}
{"level":"error","message":"🧱 Stack trace: Error: Invalid token\n    at authorized (/Users/ayooshaltamimi/Desktop/react-component/WeatherAPI-BackEnd/src/middleware/auth.middleware.ts:60:12)\n    at Layer.handleRequest (/Users/ayooshaltamimi/Desktop/react-component/WeatherAPI-BackEnd/node_modules/router/lib/layer.js:152:17)\n    at next (/Users/ayooshaltamimi/Desktop/react-component/WeatherAPI-BackEnd/node_modules/router/lib/route.js:157:13)\n    at Route.dispatch (/Users/ayooshaltamimi/Desktop/react-component/WeatherAPI-BackEnd/node_modules/router/lib/route.js:117:3)\n    at handle (/Users/ayooshaltamimi/Desktop/react-component/WeatherAPI-BackEnd/node_modules/router/index.js:435:11)\n    at Layer.handleRequest (/Users/ayooshaltamimi/Desktop/react-component/WeatherAPI-BackEnd/node_modules/router/lib/layer.js:152:17)\n    at /Users/ayooshaltamimi/Desktop/react-component/WeatherAPI-BackEnd/node_modules/router/index.js:295:15\n    at processParams (/Users/ayooshaltamimi/Desktop/react-component/WeatherAPI-BackEnd/node_modules/router/index.js:582:12)\n    at next (/Users/ayooshaltamimi/Desktop/react-component/WeatherAPI-BackEnd/node_modules/router/index.js:291:5)\n    at Function.handle (/Users/ayooshaltamimi/Desktop/react-component/WeatherAPI-BackEnd/node_modules/router/index.js:186:3)","timestamp":"2025-06-22T04:00:26.047Z"}
{"level":"error","message":"❌ Error message: Invalid token","timestamp":"2025-06-22T04:00:33.449Z"}
{"level":"error","message":"🧱 Stack trace: Error: Invalid token\n    at authorized (/Users/ayooshaltamimi/Desktop/react-component/WeatherAPI-BackEnd/src/middleware/auth.middleware.ts:60:12)\n    at Layer.handleRequest (/Users/ayooshaltamimi/Desktop/react-component/WeatherAPI-BackEnd/node_modules/router/lib/layer.js:152:17)\n    at next (/Users/ayooshaltamimi/Desktop/react-component/WeatherAPI-BackEnd/node_modules/router/lib/route.js:157:13)\n    at Route.dispatch (/Users/ayooshaltamimi/Desktop/react-component/WeatherAPI-BackEnd/node_modules/router/lib/route.js:117:3)\n    at handle (/Users/ayooshaltamimi/Desktop/react-component/WeatherAPI-BackEnd/node_modules/router/index.js:435:11)\n    at Layer.handleRequest (/Users/ayooshaltamimi/Desktop/react-component/WeatherAPI-BackEnd/node_modules/router/lib/layer.js:152:17)\n    at /Users/ayooshaltamimi/Desktop/react-component/WeatherAPI-BackEnd/node_modules/router/index.js:295:15\n    at processParams (/Users/ayooshaltamimi/Desktop/react-component/WeatherAPI-BackEnd/node_modules/router/index.js:582:12)\n    at next (/Users/ayooshaltamimi/Desktop/react-component/WeatherAPI-BackEnd/node_modules/router/index.js:291:5)\n    at Function.handle (/Users/ayooshaltamimi/Desktop/react-component/WeatherAPI-BackEnd/node_modules/router/index.js:186:3)","timestamp":"2025-06-22T04:00:33.451Z"}
{"level":"error","message":"❌ Error message: Email already exists","timestamp":"2025-06-22T04:01:42.458Z"}
{"level":"error","message":"🧱 Stack trace: Error: Email already exists\n    at Object.signUp (/Users/ayooshaltamimi/Desktop/react-component/WeatherAPI-BackEnd/src/services/auth.service.ts:17:11)\n    at processTicksAndRejections (node:internal/process/task_queues:105:5)\n    at async signUp (/Users/ayooshaltamimi/Desktop/react-component/WeatherAPI-BackEnd/src/controllers/auth.controller.ts:14:49)","timestamp":"2025-06-22T04:01:42.463Z"}
{"level":"error","message":"❌ Error message: Invalid token","timestamp":"2025-06-22T04:02:19.773Z"}
{"level":"error","message":"🧱 Stack trace: Error: Invalid token\n    at authorized (/Users/ayooshaltamimi/Desktop/react-component/WeatherAPI-BackEnd/src/middleware/auth.middleware.ts:60:12)\n    at Layer.handleRequest (/Users/ayooshaltamimi/Desktop/react-component/WeatherAPI-BackEnd/node_modules/router/lib/layer.js:152:17)\n    at next (/Users/ayooshaltamimi/Desktop/react-component/WeatherAPI-BackEnd/node_modules/router/lib/route.js:157:13)\n    at Route.dispatch (/Users/ayooshaltamimi/Desktop/react-component/WeatherAPI-BackEnd/node_modules/router/lib/route.js:117:3)\n    at handle (/Users/ayooshaltamimi/Desktop/react-component/WeatherAPI-BackEnd/node_modules/router/index.js:435:11)\n    at Layer.handleRequest (/Users/ayooshaltamimi/Desktop/react-component/WeatherAPI-BackEnd/node_modules/router/lib/layer.js:152:17)\n    at /Users/ayooshaltamimi/Desktop/react-component/WeatherAPI-BackEnd/node_modules/router/index.js:295:15\n    at processParams (/Users/ayooshaltamimi/Desktop/react-component/WeatherAPI-BackEnd/node_modules/router/index.js:582:12)\n    at next (/Users/ayooshaltamimi/Desktop/react-component/WeatherAPI-BackEnd/node_modules/router/index.js:291:5)\n    at Function.handle (/Users/ayooshaltamimi/Desktop/react-component/WeatherAPI-BackEnd/node_modules/router/index.js:186:3)","timestamp":"2025-06-22T04:02:19.775Z"}
{"level":"error","message":"❌ Error message: Invalid token","timestamp":"2025-06-22T04:06:29.227Z"}
{"level":"error","message":"🧱 Stack trace: Error: Invalid token\n    at authorized (/Users/ayooshaltamimi/Desktop/react-component/WeatherAPI-BackEnd/src/middleware/auth.middleware.ts:60:12)\n    at Layer.handleRequest (/Users/ayooshaltamimi/Desktop/react-component/WeatherAPI-BackEnd/node_modules/router/lib/layer.js:152:17)\n    at next (/Users/ayooshaltamimi/Desktop/react-component/WeatherAPI-BackEnd/node_modules/router/lib/route.js:157:13)\n    at Route.dispatch (/Users/ayooshaltamimi/Desktop/react-component/WeatherAPI-BackEnd/node_modules/router/lib/route.js:117:3)\n    at handle (/Users/ayooshaltamimi/Desktop/react-component/WeatherAPI-BackEnd/node_modules/router/index.js:435:11)\n    at Layer.handleRequest (/Users/ayooshaltamimi/Desktop/react-component/WeatherAPI-BackEnd/node_modules/router/lib/layer.js:152:17)\n    at /Users/ayooshaltamimi/Desktop/react-component/WeatherAPI-BackEnd/node_modules/router/index.js:295:15\n    at processParams (/Users/ayooshaltamimi/Desktop/react-component/WeatherAPI-BackEnd/node_modules/router/index.js:582:12)\n    at next (/Users/ayooshaltamimi/Desktop/react-component/WeatherAPI-BackEnd/node_modules/router/index.js:291:5)\n    at Function.handle (/Users/ayooshaltamimi/Desktop/react-component/WeatherAPI-BackEnd/node_modules/router/index.js:186:3)","timestamp":"2025-06-22T04:06:29.227Z"}
{"level":"error","message":"❌ Error message: Invalid token","timestamp":"2025-06-22T04:06:44.571Z"}
{"level":"error","message":"🧱 Stack trace: Error: Invalid token\n    at authorized (/Users/ayooshaltamimi/Desktop/react-component/WeatherAPI-BackEnd/src/middleware/auth.middleware.ts:60:12)\n    at Layer.handleRequest (/Users/ayooshaltamimi/Desktop/react-component/WeatherAPI-BackEnd/node_modules/router/lib/layer.js:152:17)\n    at next (/Users/ayooshaltamimi/Desktop/react-component/WeatherAPI-BackEnd/node_modules/router/lib/route.js:157:13)\n    at Route.dispatch (/Users/ayooshaltamimi/Desktop/react-component/WeatherAPI-BackEnd/node_modules/router/lib/route.js:117:3)\n    at handle (/Users/ayooshaltamimi/Desktop/react-component/WeatherAPI-BackEnd/node_modules/router/index.js:435:11)\n    at Layer.handleRequest (/Users/ayooshaltamimi/Desktop/react-component/WeatherAPI-BackEnd/node_modules/router/lib/layer.js:152:17)\n    at /Users/ayooshaltamimi/Desktop/react-component/WeatherAPI-BackEnd/node_modules/router/index.js:295:15\n    at processParams (/Users/ayooshaltamimi/Desktop/react-component/WeatherAPI-BackEnd/node_modules/router/index.js:582:12)\n    at next (/Users/ayooshaltamimi/Desktop/react-component/WeatherAPI-BackEnd/node_modules/router/index.js:291:5)\n    at Function.handle (/Users/ayooshaltamimi/Desktop/react-component/WeatherAPI-BackEnd/node_modules/router/index.js:186:3)","timestamp":"2025-06-22T04:06:44.573Z"}
{"level":"error","message":"Error:","timestamp":"2025-06-22T04:52:23.847Z"}
{"code":"ECONNREFUSED","hostname":"_mongodb._tcp.wheatherapp.7ey6ely.mongodb.net","level":"error","message":"MongoDB connection error: querySrv ECONNREFUSED _mongodb._tcp.wheatherapp.7ey6ely.mongodb.net","stack":"Error: querySrv ECONNREFUSED _mongodb._tcp.wheatherapp.7ey6ely.mongodb.net\n    at QueryReqWrap.onresolve [as oncomplete] (node:internal/dns/promises:294:17)","syscall":"querySrv","timestamp":"2025-06-22T08:59:47.820Z"}
{"code":"ECONNREFUSED","hostname":"_mongodb._tcp.wheatherapp.7ey6ely.mongodb.net","level":"error","message":"MongoDB connection error: querySrv ECONNREFUSED _mongodb._tcp.wheatherapp.7ey6ely.mongodb.net","stack":"Error: querySrv ECONNREFUSED _mongodb._tcp.wheatherapp.7ey6ely.mongodb.net\n    at QueryReqWrap.onresolve [as oncomplete] (node:internal/dns/promises:294:17)","syscall":"querySrv","timestamp":"2025-06-22T08:59:59.111Z"}
{"level":"error","message":"Error:","timestamp":"2025-06-22T09:12:44.045Z"}
{"level":"error","message":"Error:","timestamp":"2025-06-22T10:30:14.979Z"}
{"level":"error","message":"Error:","timestamp":"2025-06-22T17:01:25.128Z"}
{"level":"error","message":"Error:","timestamp":"2025-06-22T17:02:41.960Z"}
{"level":"error","message":"Error:","timestamp":"2025-06-22T17:03:11.882Z"}
{"level":"error","message":"Error:","timestamp":"2025-06-22T17:06:16.507Z"}
{"level":"error","message":"Error:","timestamp":"2025-06-22T17:06:21.759Z"}
{"level":"error","message":"Error:","timestamp":"2025-06-22T17:12:11.742Z"}
{"level":"error","message":"Error:","timestamp":"2025-06-22T17:13:12.824Z"}
{"level":"error","message":"Error:","timestamp":"2025-06-22T22:57:22.689Z"}
{"level":"error","message":"Error:","timestamp":"2025-06-22T22:58:33.040Z"}
{"level":"error","message":"Error:","timestamp":"2025-06-22T23:06:22.475Z"}
{"level":"error","message":"Error:","timestamp":"2025-06-22T23:06:32.560Z"}
{"level":"error","message":"Error:","timestamp":"2025-06-22T23:11:47.217Z"}
{"level":"error","message":"Error:","timestamp":"2025-06-22T23:12:41.787Z"}
{"level":"error","message":"Error:","timestamp":"2025-06-22T23:14:53.661Z"}
{"level":"error","message":"Error:","timestamp":"2025-06-22T23:26:30.435Z"}
{"level":"error","message":"Error:","timestamp":"2025-06-22T23:28:01.960Z"}
{"level":"error","message":"Error:","timestamp":"2025-06-22T23:28:33.992Z"}
{"level":"error","message":"Error:","timestamp":"2025-06-22T23:29:52.991Z"}
{"level":"error","message":"Error:","timestamp":"2025-06-22T23:31:03.616Z"}
{"level":"error","message":"Error:","timestamp":"2025-06-22T23:32:29.683Z"}
{"level":"error","message":"Error:","timestamp":"2025-06-22T23:33:36.196Z"}
{"level":"error","message":"Error:","timestamp":"2025-06-22T23:33:51.753Z"}
{"level":"error","message":"Error:","timestamp":"2025-06-22T23:34:57.029Z"}
{"level":"error","message":"Error:","timestamp":"2025-06-22T23:36:24.493Z"}
{"level":"error","message":"Error:","timestamp":"2025-06-22T23:37:14.910Z"}
{"level":"error","message":"Error:","timestamp":"2025-06-22T23:38:35.893Z"}
{"level":"error","message":"Error:","timestamp":"2025-06-22T23:48:38.060Z"}
{"level":"error","message":"Error:","timestamp":"2025-06-23T00:56:20.829Z"}
{"level":"error","message":"Error:","timestamp":"2025-06-23T01:01:06.469Z"}
{"level":"error","message":"Error:","timestamp":"2025-06-23T01:01:27.823Z"}
{"level":"error","message":"Error:","timestamp":"2025-06-23T01:01:42.667Z"}
{"level":"error","message":"Error:","timestamp":"2025-06-23T01:02:37.669Z"}
{"level":"error","message":"Error:","timestamp":"2025-06-23T01:02:39.534Z"}
{"level":"error","message":"Error:","timestamp":"2025-06-23T01:02:59.071Z"}
{"level":"error","message":"Error:","timestamp":"2025-06-23T01:03:31.941Z"}
{"level":"error","message":"Error:","timestamp":"2025-06-23T01:15:26.149Z"}
{"level":"error","message":"Error:","timestamp":"2025-06-23T01:15:29.153Z"}
{"level":"error","message":"Error:","timestamp":"2025-06-23T01:15:47.296Z"}
{"level":"error","message":"Error:","timestamp":"2025-06-23T01:15:48.828Z"}
{"level":"error","message":"Error:","timestamp":"2025-06-23T01:15:49.861Z"}
{"level":"error","message":"Error:","timestamp":"2025-06-23T01:15:50.654Z"}
{"level":"error","message":"Error:","timestamp":"2025-06-23T01:16:43.272Z"}
{"level":"error","message":"Error:","timestamp":"2025-06-23T01:18:24.848Z"}
{"level":"error","message":"Error:","timestamp":"2025-06-23T01:18:39.141Z"}
{"level":"error","message":"Error:","timestamp":"2025-06-23T01:21:07.380Z"}
{"level":"error","message":"Error:","timestamp":"2025-06-23T01:21:46.792Z"}
{"level":"error","message":"Error:","timestamp":"2025-06-23T01:21:47.991Z"}
{"level":"error","message":"Error:","timestamp":"2025-06-23T01:21:48.945Z"}
{"level":"error","message":"Error:","timestamp":"2025-06-23T01:23:20.873Z"}
{"level":"error","message":"Error:","timestamp":"2025-06-23T01:23:30.778Z"}
{"level":"error","message":"Error:","timestamp":"2025-06-23T01:24:52.720Z"}
{"level":"error","message":"Error:","timestamp":"2025-06-23T01:25:06.559Z"}
{"level":"error","message":"Error:","timestamp":"2025-06-23T01:28:47.764Z"}
{"level":"error","message":"Error:","timestamp":"2025-06-23T01:29:09.192Z"}
{"level":"error","message":"Error:","timestamp":"2025-06-23T01:31:11.628Z"}
{"level":"error","message":"Error:","timestamp":"2025-06-23T01:33:01.255Z"}
{"level":"error","message":"Error:","timestamp":"2025-06-23T01:34:26.652Z"}
{"level":"error","message":"Error:","timestamp":"2025-06-23T01:38:22.960Z"}
{"level":"error","message":"Error:","timestamp":"2025-06-23T01:42:01.572Z"}
{"level":"error","message":"Error:","timestamp":"2025-06-23T01:54:11.887Z"}
{"level":"error","message":"Error:","timestamp":"2025-06-23T01:58:04.324Z"}
{"level":"error","message":"Error:","timestamp":"2025-06-23T01:58:05.672Z"}
{"level":"error","message":"Error:","timestamp":"2025-06-23T01:58:28.769Z"}
{"level":"error","message":"Error:","timestamp":"2025-06-23T02:09:22.709Z"}
{"level":"error","message":"Error:","timestamp":"2025-06-23T02:09:34.622Z"}
{"level":"error","message":"Error:","timestamp":"2025-06-23T02:10:13.374Z"}
{"level":"error","message":"Error:","timestamp":"2025-06-23T02:10:19.831Z"}
{"level":"error","message":"Error:","timestamp":"2025-06-23T02:10:39.812Z"}
{"level":"error","message":"Error:","timestamp":"2025-06-23T02:10:41.459Z"}
{"level":"error","message":"Error:","timestamp":"2025-06-23T02:10:50.497Z"}
{"level":"error","message":"Error:","timestamp":"2025-06-23T02:11:13.351Z"}
{"level":"error","message":"Error:","timestamp":"2025-06-23T02:11:25.028Z"}
{"level":"error","message":"Error:","timestamp":"2025-06-23T02:11:46.970Z"}
{"level":"error","message":"Error:","timestamp":"2025-06-23T02:11:59.247Z"}
{"level":"error","message":"Error:","timestamp":"2025-06-23T02:12:20.203Z"}
{"level":"error","message":"Error:","timestamp":"2025-06-23T02:12:46.803Z"}
{"level":"error","message":"Error:","timestamp":"2025-06-23T02:13:08.787Z"}
{"level":"error","message":"Error:","timestamp":"2025-06-23T02:14:08.379Z"}
{"level":"error","message":"Error:","timestamp":"2025-06-23T02:15:37.833Z"}
{"level":"error","message":"Error:","timestamp":"2025-06-23T02:15:43.878Z"}
{"level":"error","message":"Error:","timestamp":"2025-06-23T02:16:48.980Z"}
{"level":"error","message":"Error:","timestamp":"2025-06-23T02:17:15.178Z"}
{"level":"error","message":"Error:","timestamp":"2025-06-23T02:17:25.190Z"}
{"level":"error","message":"Error:","timestamp":"2025-06-23T02:18:07.271Z"}
{"level":"error","message":"Error:","timestamp":"2025-06-23T02:18:18.615Z"}
{"level":"error","message":"Error:","timestamp":"2025-06-23T02:18:23.652Z"}
{"level":"error","message":"Error:","timestamp":"2025-06-23T02:19:40.453Z"}
{"level":"error","message":"Error:","timestamp":"2025-06-23T02:25:51.552Z"}
{"level":"error","message":"Error:","timestamp":"2025-06-23T02:31:24.095Z"}
{"level":"error","message":"Error:","timestamp":"2025-06-23T02:31:37.820Z"}
{"level":"error","message":"Error:","timestamp":"2025-06-23T02:32:33.220Z"}
{"level":"error","message":"Error:","timestamp":"2025-06-23T02:32:49.767Z"}
{"level":"error","message":"Error:","timestamp":"2025-06-23T02:32:53.695Z"}
{"level":"error","message":"Error:","timestamp":"2025-06-23T02:33:33.119Z"}
{"level":"error","message":"Error:","timestamp":"2025-06-23T02:33:43.269Z"}
{"level":"error","message":"Error:","timestamp":"2025-06-23T02:34:54.525Z"}
{"level":"error","message":"Error:","timestamp":"2025-06-23T02:35:09.435Z"}
{"level":"error","message":"Error:","timestamp":"2025-06-23T02:35:40.904Z"}
